<?xml version="1.0" encoding="UTF-8"?>
<!-- Generated by org.testng.reporters.JUnitXMLReporter -->
<testsuite hostname="FOCUS-QA-10" name="Test" tests="70" failures="9" timestamp="4 Jan 2023 08:04:22 GMT" time="1754.285" errors="0">
  <testcase name="verifyBrowserOpen" time="8.368" classname="com.focus.testcases.URLBrowserTest"/>
  <testcase name="checkLoginPageTitleByURLInputInBrowser" time="5.433" classname="com.focus.testcases.URLBrowserTest"/>
  <testcase name="checkLoginPageAvailablityOfFields" time="0.798" classname="com.focus.testcases.LoginPageTest"/>
  <testcase name="checkCompanyTextDisplayInCompanyListDropdown" time="0.071" classname="com.focus.testcases.LoginPageTest"/>
  <testcase name="checkSignInBtnWithValidUserNameAndValidPassword" time="8.737" classname="com.focus.testcases.LoginPageTest"/>
  <testcase name="checkUserNameInfoInHomePage" time="0.327" classname="com.focus.testcases.LoginPageTest"/>
  <testcase name="checkCreatingCostCenterWithStockCostCenter" time="12.067" classname="com.focus.testcases.MasterPreloadTest"/>
  <testcase name="checkCreatingCostCenterWithSTDRateCostCenter" time="4.945" classname="com.focus.testcases.MasterPreloadTest"/>
  <testcase name="checkAddingExtraFieldInGeneralTabAsCostCenter" time="45.882" classname="com.focus.testcases.MasterPreloadTest"/>
  <testcase name="checkAssigningCostCenterToStockItem" time="21.881" classname="com.focus.testcases.MasterPreloadTest"/>
  <testcase name="checkAssigningCostCenterToSTDRateItem" time="8.612" classname="com.focus.testcases.MasterPreloadTest"/>
  <testcase name="checkAddingFieldsInEditLayoutBodyTabAsCostCenterBodyInPurchaseVoucher" time="26.287" classname="com.focus.testcases.MasterPreloadTest"/>
  <testcase name="CheckSavingPurchaseVoucherVATWithStockItemAndSTDRateItem" time="44.143" classname="com.focus.testcases.MasterPreloadTest">
    <failure type="java.lang.AssertionError" message="expected [true] but found [false]">
      <![CDATA[java.lang.AssertionError: expected [true] but found [false]
	at com.focus.testcases.MasterPreloadTest.CheckSavingPurchaseVoucherVATWithStockItemAndSTDRateItem(MasterPreloadTest.java:66)
... Removed 30 stack frames]]>
    </failure>
  </testcase> <!-- CheckSavingPurchaseVoucherVATWithStockItemAndSTDRateItem -->
  <testcase name="CheckCostCenterInSavedVoucherWithStockItemAndSTDRateItem" time="4.463" classname="com.focus.testcases.MasterPreloadTest"/>
  <testcase name="CheckEditingPurchaseVoucherVAT1WithStockItemAndSTDRateItem" time="26.173" classname="com.focus.testcases.MasterPreloadTest">
    <failure type="java.lang.AssertionError" message="expected [true] but found [false]">
      <![CDATA[java.lang.AssertionError: expected [true] but found [false]
	at com.focus.testcases.MasterPreloadTest.CheckEditingPurchaseVoucherVAT1WithStockItemAndSTDRateItem(MasterPreloadTest.java:80)
... Removed 30 stack frames]]>
    </failure>
  </testcase> <!-- CheckEditingPurchaseVoucherVAT1WithStockItemAndSTDRateItem -->
  <testcase name="checkSavedPVVATAfterEditingVoucher" time="0.597" classname="com.focus.testcases.MasterPreloadTest"/>
  <testcase name="checkUpdatingItemRateCannotBeBelowCostForSalesInvoiceVAT" time="24.548" classname="com.focus.testcases.MasterPreloadTest"/>
  <testcase name="checkValidatingCannotBeBelowCostDropdownAndSavingVoucher" time="28.49" classname="com.focus.testcases.MasterPreloadTest"/>
  <testcase name="checkUpdatingItemRateCannotBeChangedForSalesInvoiceVAT" time="12.007" classname="com.focus.testcases.MasterPreloadTest"/>
  <testcase name="checkValidatingCannotBeChangedInSavedVoucher" time="3.598" classname="com.focus.testcases.MasterPreloadTest"/>
  <testcase name="checkUpdatingItemRateEditableForSalesInvoiceVAT" time="11.985" classname="com.focus.testcases.MasterPreloadTest"/>
  <testcase name="checkEraseAllTransactionsAfterCompletingAllValidations" time="6.714" classname="com.focus.testcases.MasterPreloadTest"/>
  <testcase name="CheckNavigateToRulesTAB" time="12.286" classname="com.focus.testcases.RulesTest"/>
  <testcase name="checkSavingRuleWithOutInput" time="0.305" classname="com.focus.testcases.RulesTest"/>
  <testcase name="checkSavingRulesWithOnLoadOptionEnableInVoucherLevel" time="30.304" classname="com.focus.testcases.RulesTest"/>
  <testcase name="checkSavedRuleWithLoadOptionEnable" time="22.766" classname="com.focus.testcases.RulesTest"/>
  <testcase name="checkLOADRuleOptionAtVoucherLevel" time="28.818" classname="com.focus.testcases.RulesTest">
    <failure type="java.lang.AssertionError" message="expected [true] but found [false]">
      <![CDATA[java.lang.AssertionError: expected [true] but found [false]
	at com.focus.testcases.RulesTest.checkLOADRuleOptionAtVoucherLevel(RulesTest.java:52)
... Removed 30 stack frames]]>
    </failure>
  </testcase> <!-- checkLOADRuleOptionAtVoucherLevel -->
  <testcase name="checkSavingRulesWithOnLeave" time="77.0" classname="com.focus.testcases.RulesTest"/>
  <testcase name="checkOnLeaveValiationATVoucherLevelWithDepartmentWales" time="14.852" classname="com.focus.testcases.RulesTest"/>
  <testcase name="checkChangingDepartmentAsAMERICAAndValidateColounmHeadingName" time="3.45" classname="com.focus.testcases.RulesTest"/>
  <testcase name="checkBodyHeadingColumnWithCustomerAccount" time="14.53" classname="com.focus.testcases.RulesTest"/>
  <testcase name="chekSavingRuleWithOnEnter" time="50.109" classname="com.focus.testcases.RulesTest"/>
  <testcase name="checkVoucherLevelOnEnterRuleValidation" time="18.855" classname="com.focus.testcases.RulesTest"/>
  <testcase name="checkEditingAndAddingSavedRuleUnderRecepitsVAT" time="49.254" classname="com.focus.testcases.RulesTest"/>
  <testcase name="checkRuleConditionAfterEditingINEnterRule" time="17.255" classname="com.focus.testcases.RulesTest"/>
  <testcase name="checkClickOnHiddingOptionInRulesAndClickOnSave" time="27.268" classname="com.focus.testcases.RulesTest"/>
  <testcase name="checkAfterEnableHiddenOptionAtVoucherLevel" time="18.919" classname="com.focus.testcases.RulesTest"/>
  <testcase name="chekSavingRuleWithBeforeDelete" time="34.302" classname="com.focus.testcases.RulesTest"/>
  <testcase name="chekSavingRuleWithOnEdit" time="50.93" classname="com.focus.testcases.RulesTest"/>
  <testcase name="checkValidationOFEditRuleWithWarnAndProcedueInRecepitsVoucher" time="204.751" classname="com.focus.testcases.RulesTest"/>
  <testcase name="checkSavingExtraFiledInSalesINvoiceVAT" time="24.571" classname="com.focus.testcases.RulesTest"/>
  <testcase name="checkSavingRuleWithFormulaUnderSalesINvoiceVAT" time="45.043" classname="com.focus.testcases.RulesTest"/>
  <testcase name="checkSavingOpeningStockVoucher" time="17.723" classname="com.focus.testcases.RulesTest"/>
  <testcase name="checkValidationOFFOrmulaControlAtVoucherLevel" time="22.874" classname="com.focus.testcases.RulesTest"/>
  <testcase name="chckRestoreBackUpForSQLFunction" time="111.659" classname="com.focus.testcases.RulesTest"/>
  <testcase name="checkSQLFuntionATExcessStockVoucherLevel" time="24.213" classname="com.focus.testcases.RulesTest"/>
  <testcase name="checkCreatingViewOptionInPurchaseVoucher" time="37.762" classname="com.focus.testcases.RulesTest"/>
  <testcase name="checkViewOptionCreatedInPurchaseVoucherVAT" time="32.741" classname="com.focus.testcases.RulesTest"/>
  <testcase name="checkLogin" time="7.905" classname="com.focus.testcases.RulesTest"/>
  <testcase name="checkITEMWithF5Key" time="23.899" classname="com.focus.testcases.RulesTest"/>
  <testcase name="checkLoadingFieldsIntoPopOnClickOnRefreshBtn" time="11.894" classname="com.focus.testcases.RulesTest"/>
  <testcase name="checkItemValuesintoVoucherLevelOnClickOnOkBtnInSearchPopUp" time="4.349" classname="com.focus.testcases.RulesTest"/>
  <testcase name="checkAccountTxtWithClickOnF5" time="28.501" classname="com.focus.testcases.RulesTest"/>
  <testcase name="checkLoadingAccountValuesFromSearchPopUp" time="2.501" classname="com.focus.testcases.RulesTest"/>
  <testcase name="checkF5KeyWithRMAPopUpInOpeningStocks" time="29.86" classname="com.focus.testcases.RulesTest">
    <failure type="java.lang.AssertionError" message="expected [true] but found [false]">
      <![CDATA[java.lang.AssertionError: expected [true] but found [false]
	at com.focus.testcases.RulesTest.checkF5KeyWithRMAPopUpInOpeningStocks(RulesTest.java:268)
... Removed 30 stack frames]]>
    </failure>
  </testcase> <!-- checkF5KeyWithRMAPopUpInOpeningStocks -->
  <testcase name="checkCopyAndPasteWithControlOptionInLedgerReport" time="18.278" classname="com.focus.testcases.RulesTest"/>
  <testcase name="checkEnterF5keyInLedgerReport" time="35.732" classname="com.focus.testcases.RulesTest"/>
  <testcase name="checkF5KeyInFilterPopUpScreen" time="22.584" classname="com.focus.testcases.RulesTest"/>
  <testcase name="checkCreatingConditionForRestrictionsWithStopOption" time="28.41" classname="com.focus.testcases.RulesTest"/>
  <testcase name="checkSavingPurchaseVoucherVATWithRateBelowAverageRate" time="20.714" classname="com.focus.testcases.RulesTest"/>
  <testcase name="checkSavingPurchaseVoucherVATWithRateEqualToAverageRate" time="2.825" classname="com.focus.testcases.RulesTest"/>
  <testcase name="checkSavingPurchaseVoucherVATWithRateGreaterThanAverageRate" time="5.996" classname="com.focus.testcases.RulesTest"/>
  <testcase name="checkCreatingConditionForRestrictionsWithWarnAndAllowOption" time="25.635" classname="com.focus.testcases.RulesTest"/>
  <testcase name="checkSavingPurchaseVoucherVATWithRateBelowAverageRateForWarnAndAllow" time="22.977" classname="com.focus.testcases.RulesTest">
    <failure type="java.lang.AssertionError" message="expected [true] but found [false]">
      <![CDATA[java.lang.AssertionError: expected [true] but found [false]
	at com.focus.testcases.RulesTest.checkSavingPurchaseVoucherVATWithRateBelowAverageRateForWarnAndAllow(RulesTest.java:337)
... Removed 30 stack frames]]>
    </failure>
  </testcase> <!-- checkSavingPurchaseVoucherVATWithRateBelowAverageRateForWarnAndAllow -->
  <testcase name="checkSavingPurchaseVoucherVATWithRateEqualToAverageRateWithWarnAndAllow" time="21.789" classname="com.focus.testcases.RulesTest">
    <failure type="java.lang.AssertionError" message="expected [true] but found [false]">
      <![CDATA[java.lang.AssertionError: expected [true] but found [false]
	at com.focus.testcases.RulesTest.checkSavingPurchaseVoucherVATWithRateEqualToAverageRateWithWarnAndAllow(RulesTest.java:344)
... Removed 30 stack frames]]>
    </failure>
  </testcase> <!-- checkSavingPurchaseVoucherVATWithRateEqualToAverageRateWithWarnAndAllow -->
  <testcase name="checkSavingPurchaseVoucherVATWithRateGreaterThanAverageRateWithWarnAndAllow" time="21.546" classname="com.focus.testcases.RulesTest">
    <failure type="java.lang.AssertionError" message="expected [true] but found [false]">
      <![CDATA[java.lang.AssertionError: expected [true] but found [false]
	at com.focus.testcases.RulesTest.checkSavingPurchaseVoucherVATWithRateGreaterThanAverageRateWithWarnAndAllow(RulesTest.java:351)
... Removed 30 stack frames]]>
    </failure>
  </testcase> <!-- checkSavingPurchaseVoucherVATWithRateGreaterThanAverageRateWithWarnAndAllow -->
  <testcase name="checkAddingHeadeAndFooterInLedgerReport" time="47.218" classname="com.focus.testcases.RulesTest"/>
  <testcase name="checkPrintPDFFileAfterCreatingHeadeAndFooterLayoutInLedgerReport" time="15.923" classname="com.focus.testcases.RulesTest">
    <failure type="java.lang.AssertionError" message="expected [true] but found [false]">
      <![CDATA[java.lang.AssertionError: expected [true] but found [false]
	at com.focus.testcases.RulesTest.checkPrintPDFFileAfterCreatingHeadeAndFooterLayoutInLedgerReport(RulesTest.java:369)
... Removed 30 stack frames]]>
    </failure>
  </testcase> <!-- checkPrintPDFFileAfterCreatingHeadeAndFooterLayoutInLedgerReport -->
  <testcase name="checkStockLedgerReportImportingHeaderAndFooterLayout" time="40.01" classname="com.focus.testcases.RulesTest"/>
  <testcase name="checkPrintPDFFileAfterImportingHeaderAndFooterLayoutInStockLedgerReport" time="15.399" classname="com.focus.testcases.RulesTest">
    <failure type="java.lang.AssertionError" message="expected [true] but found [false]">
      <![CDATA[java.lang.AssertionError: expected [true] but found [false]
	at com.focus.testcases.RulesTest.checkPrintPDFFileAfterImportingHeaderAndFooterLayoutInStockLedgerReport(RulesTest.java:383)
... Removed 30 stack frames]]>
    </failure>
  </testcase> <!-- checkPrintPDFFileAfterImportingHeaderAndFooterLayoutInStockLedgerReport -->
</testsuite> <!-- Test -->
