<!DOCTYPE html PUBLIC "-//W3C//DTD XHTML 1.1//EN" "http://www.w3.org/TR/xhtml11/DTD/xhtml11.dtd">
<html xmlns="http://www.w3.org/1999/xhtml"><head><title>TestNG Report</title><style type="text/css">table {margin-bottom:10px;border-collapse:collapse;empty-cells:show}th,td {border:1px solid #009;padding:.25em .5em}th {vertical-align:bottom}td {vertical-align:top}table a {font-weight:bold}.stripe td {background-color: #E6EBF9}.num {text-align:right}.passedodd td {background-color: #3F3}.passedeven td {background-color: #0A0}.skippedodd td {background-color: #DDD}.skippedeven td {background-color: #CCC}.failedodd td,.attn {background-color: #F33}.failedeven td,.stripe .attn {background-color: #D00}.stacktrace {white-space:pre;font-family:monospace}.totop {font-size:85%;text-align:center;border-bottom:2px solid #000}</style></head><body><table><tr><th>Test</th><th># Passed</th><th># Skipped</th><th># Failed</th><th>Time (ms)</th><th>Included Groups</th><th>Excluded Groups</th></tr><tr><th colspan="7">Suite</th></tr><tr><td><a href="#t0">Test</a></td><td class="num">61</td><td class="num">0</td><td class="num attn">9</td><td class="num">1,754,285</td><td></td><td></td></tr></table><table><thead><tr><th>Class</th><th>Method</th><th>Start</th><th>Time (ms)</th></tr></thead><tbody><tr><th colspan="4">Suite</th></tr></tbody><tbody id="t0"><tr><th colspan="4">Test &#8212; failed</th></tr><tr class="failedeven"><td rowspan="2">com.focus.testcases.MasterPreloadTest</td><td><a href="#m0">CheckEditingPurchaseVoucherVAT1WithStockItemAndSTDRateItem</a></td><td rowspan="1">1672817900158</td><td rowspan="1">26173</td></tr><tr class="failedeven"><td><a href="#m1">CheckSavingPurchaseVoucherVATWithStockItemAndSTDRateItem</a></td><td rowspan="1">1672817851388</td><td rowspan="1">44143</td></tr><tr class="failedodd"><td rowspan="7">com.focus.testcases.RulesTest</td><td><a href="#m2">checkF5KeyWithRMAPopUpInOpeningStocks</a></td><td rowspan="1">1672819086170</td><td rowspan="1">29860</td></tr><tr class="failedodd"><td><a href="#m3">checkLOADRuleOptionAtVoucherLevel</a></td><td rowspan="1">1672818080080</td><td rowspan="1">28818</td></tr><tr class="failedodd"><td><a href="#m4">checkPrintPDFFileAfterCreatingHeadeAndFooterLayoutInLedgerReport</a></td><td rowspan="1">1672819390265</td><td rowspan="1">15923</td></tr><tr class="failedodd"><td><a href="#m5">checkPrintPDFFileAfterImportingHeaderAndFooterLayoutInStockLedgerReport</a></td><td rowspan="1">1672819446320</td><td rowspan="1">15399</td></tr><tr class="failedodd"><td><a href="#m6">checkSavingPurchaseVoucherVATWithRateBelowAverageRateForWarnAndAllow</a></td><td rowspan="1">1672819276343</td><td rowspan="1">22977</td></tr><tr class="failedodd"><td><a href="#m7">checkSavingPurchaseVoucherVATWithRateEqualToAverageRateWithWarnAndAllow</a></td><td rowspan="1">1672819299460</td><td rowspan="1">21789</td></tr><tr class="failedodd"><td><a href="#m8">checkSavingPurchaseVoucherVATWithRateGreaterThanAverageRateWithWarnAndAllow</a></td><td rowspan="1">1672819321370</td><td rowspan="1">21546</td></tr><tr><th colspan="4">Test &#8212; passed</th></tr><tr class="passedeven"><td rowspan="4">com.focus.testcases.LoginPageTest</td><td><a href="#m9">checkCompanyTextDisplayInCompanyListDropdown</a></td><td rowspan="1">1672817722566</td><td rowspan="1">71</td></tr><tr class="passedeven"><td><a href="#m10">checkLoginPageAvailablityOfFields</a></td><td rowspan="1">1672817721766</td><td rowspan="1">798</td></tr><tr class="passedeven"><td><a href="#m11">checkSignInBtnWithValidUserNameAndValidPassword</a></td><td rowspan="1">1672817722639</td><td rowspan="1">8737</td></tr><tr class="passedeven"><td><a href="#m12">checkUserNameInfoInHomePage</a></td><td rowspan="1">1672817731378</td><td rowspan="1">327</td></tr><tr class="passedodd"><td rowspan="14">com.focus.testcases.MasterPreloadTest</td><td><a href="#m13">CheckCostCenterInSavedVoucherWithStockItemAndSTDRateItem</a></td><td rowspan="1">1672817895693</td><td rowspan="1">4463</td></tr><tr class="passedodd"><td><a href="#m14">checkAddingExtraFieldInGeneralTabAsCostCenter</a></td><td rowspan="1">1672817748721</td><td rowspan="1">45882</td></tr><tr class="passedodd"><td><a href="#m15">checkAddingFieldsInEditLayoutBodyTabAsCostCenterBodyInPurchaseVoucher</a></td><td rowspan="1">1672817825100</td><td rowspan="1">26287</td></tr><tr class="passedodd"><td><a href="#m16">checkAssigningCostCenterToSTDRateItem</a></td><td rowspan="1">1672817816487</td><td rowspan="1">8612</td></tr><tr class="passedodd"><td><a href="#m17">checkAssigningCostCenterToStockItem</a></td><td rowspan="1">1672817794605</td><td rowspan="1">21881</td></tr><tr class="passedodd"><td><a href="#m18">checkCreatingCostCenterWithSTDRateCostCenter</a></td><td rowspan="1">1672817743775</td><td rowspan="1">4945</td></tr><tr class="passedodd"><td><a href="#m19">checkCreatingCostCenterWithStockCostCenter</a></td><td rowspan="1">1672817731707</td><td rowspan="1">12067</td></tr><tr class="passedodd"><td><a href="#m20">checkEraseAllTransactionsAfterCompletingAllValidations</a></td><td rowspan="1">1672818007697</td><td rowspan="1">6714</td></tr><tr class="passedodd"><td><a href="#m21">checkSavedPVVATAfterEditingVoucher</a></td><td rowspan="1">1672817926466</td><td rowspan="1">597</td></tr><tr class="passedodd"><td><a href="#m22">checkUpdatingItemRateCannotBeBelowCostForSalesInvoiceVAT</a></td><td rowspan="1">1672817927064</td><td rowspan="1">24548</td></tr><tr class="passedodd"><td><a href="#m23">checkUpdatingItemRateCannotBeChangedForSalesInvoiceVAT</a></td><td rowspan="1">1672817980104</td><td rowspan="1">12007</td></tr><tr class="passedodd"><td><a href="#m24">checkUpdatingItemRateEditableForSalesInvoiceVAT</a></td><td rowspan="1">1672817995711</td><td rowspan="1">11985</td></tr><tr class="passedodd"><td><a href="#m25">checkValidatingCannotBeBelowCostDropdownAndSavingVoucher</a></td><td rowspan="1">1672817951613</td><td rowspan="1">28490</td></tr><tr class="passedodd"><td><a href="#m26">checkValidatingCannotBeChangedInSavedVoucher</a></td><td rowspan="1">1672817992112</td><td rowspan="1">3598</td></tr><tr class="passedeven"><td rowspan="41">com.focus.testcases.RulesTest</td><td><a href="#m27">CheckNavigateToRulesTAB</a></td><td rowspan="1">1672818014414</td><td rowspan="1">12286</td></tr><tr class="passedeven"><td><a href="#m28">chckRestoreBackUpForSQLFunction</a></td><td rowspan="1">1672818800734</td><td rowspan="1">111659</td></tr><tr class="passedeven"><td><a href="#m29">checkAccountTxtWithClickOnF5</a></td><td rowspan="1">1672819055166</td><td rowspan="1">28501</td></tr><tr class="passedeven"><td><a href="#m30">checkAddingHeadeAndFooterInLedgerReport</a></td><td rowspan="1">1672819343046</td><td rowspan="1">47218</td></tr><tr class="passedeven"><td><a href="#m31">checkAfterEnableHiddenOptionAtVoucherLevel</a></td><td rowspan="1">1672818381612</td><td rowspan="1">18919</td></tr><tr class="passedeven"><td><a href="#m32">checkBodyHeadingColumnWithCustomerAccount</a></td><td rowspan="1">1672818204331</td><td rowspan="1">14530</td></tr><tr class="passedeven"><td><a href="#m33">checkChangingDepartmentAsAMERICAAndValidateColounmHeadingName</a></td><td rowspan="1">1672818200880</td><td rowspan="1">3450</td></tr><tr class="passedeven"><td><a href="#m34">checkClickOnHiddingOptionInRulesAndClickOnSave</a></td><td rowspan="1">1672818354343</td><td rowspan="1">27268</td></tr><tr class="passedeven"><td><a href="#m35">checkCopyAndPasteWithControlOptionInLedgerReport</a></td><td rowspan="1">1672819116160</td><td rowspan="1">18278</td></tr><tr class="passedeven"><td><a href="#m36">checkCreatingConditionForRestrictionsWithStopOption</a></td><td rowspan="1">1672819192758</td><td rowspan="1">28410</td></tr><tr class="passedeven"><td><a href="#m37">checkCreatingConditionForRestrictionsWithWarnAndAllowOption</a></td><td rowspan="1">1672819250707</td><td rowspan="1">25635</td></tr><tr class="passedeven"><td><a href="#m38">checkCreatingViewOptionInPurchaseVoucher</a></td><td rowspan="1">1672818936608</td><td rowspan="1">37762</td></tr><tr class="passedeven"><td><a href="#m39">checkEditingAndAddingSavedRuleUnderRecepitsVAT</a></td><td rowspan="1">1672818287831</td><td rowspan="1">49254</td></tr><tr class="passedeven"><td><a href="#m40">checkEnterF5keyInLedgerReport</a></td><td rowspan="1">1672819134439</td><td rowspan="1">35732</td></tr><tr class="passedeven"><td><a href="#m41">checkF5KeyInFilterPopUpScreen</a></td><td rowspan="1">1672819170172</td><td rowspan="1">22584</td></tr><tr class="passedeven"><td><a href="#m42">checkITEMWithF5Key</a></td><td rowspan="1">1672819015019</td><td rowspan="1">23899</td></tr><tr class="passedeven"><td><a href="#m43">checkItemValuesintoVoucherLevelOnClickOnOkBtnInSearchPopUp</a></td><td rowspan="1">1672819050816</td><td rowspan="1">4349</td></tr><tr class="passedeven"><td><a href="#m44">checkLoadingAccountValuesFromSearchPopUp</a></td><td rowspan="1">1672819083668</td><td rowspan="1">2501</td></tr><tr class="passedeven"><td><a href="#m45">checkLoadingFieldsIntoPopOnClickOnRefreshBtn</a></td><td rowspan="1">1672819038920</td><td rowspan="1">11894</td></tr><tr class="passedeven"><td><a href="#m46">checkLogin</a></td><td rowspan="1">1672819007113</td><td rowspan="1">7905</td></tr><tr class="passedeven"><td><a href="#m47">checkOnLeaveValiationATVoucherLevelWithDepartmentWales</a></td><td rowspan="1">1672818186027</td><td rowspan="1">14852</td></tr><tr class="passedeven"><td><a href="#m48">checkRuleConditionAfterEditingINEnterRule</a></td><td rowspan="1">1672818337087</td><td rowspan="1">17255</td></tr><tr class="passedeven"><td><a href="#m49">checkSQLFuntionATExcessStockVoucherLevel</a></td><td rowspan="1">1672818912394</td><td rowspan="1">24213</td></tr><tr class="passedeven"><td><a href="#m50">checkSavedRuleWithLoadOptionEnable</a></td><td rowspan="1">1672818057312</td><td rowspan="1">22766</td></tr><tr class="passedeven"><td><a href="#m51">checkSavingExtraFiledInSalesINvoiceVAT</a></td><td rowspan="1">1672818690519</td><td rowspan="1">24571</td></tr><tr class="passedeven"><td><a href="#m52">checkSavingOpeningStockVoucher</a></td><td rowspan="1">1672818760136</td><td rowspan="1">17723</td></tr><tr class="passedeven"><td><a href="#m53">checkSavingPurchaseVoucherVATWithRateBelowAverageRate</a></td><td rowspan="1">1672819221169</td><td rowspan="1">20714</td></tr><tr class="passedeven"><td><a href="#m54">checkSavingPurchaseVoucherVATWithRateEqualToAverageRate</a></td><td rowspan="1">1672819241884</td><td rowspan="1">2825</td></tr><tr class="passedeven"><td><a href="#m55">checkSavingPurchaseVoucherVATWithRateGreaterThanAverageRate</a></td><td rowspan="1">1672819244710</td><td rowspan="1">5996</td></tr><tr class="passedeven"><td><a href="#m56">checkSavingRuleWithFormulaUnderSalesINvoiceVAT</a></td><td rowspan="1">1672818715091</td><td rowspan="1">45043</td></tr><tr class="passedeven"><td><a href="#m57">checkSavingRuleWithOutInput</a></td><td rowspan="1">1672818026701</td><td rowspan="1">305</td></tr><tr class="passedeven"><td><a href="#m58">checkSavingRulesWithOnLeave</a></td><td rowspan="1">1672818109025</td><td rowspan="1">77000</td></tr><tr class="passedeven"><td><a href="#m59">checkSavingRulesWithOnLoadOptionEnableInVoucherLevel</a></td><td rowspan="1">1672818027007</td><td rowspan="1">30304</td></tr><tr class="passedeven"><td><a href="#m60">checkStockLedgerReportImportingHeaderAndFooterLayout</a></td><td rowspan="1">1672819406309</td><td rowspan="1">40010</td></tr><tr class="passedeven"><td><a href="#m61">checkValidationOFEditRuleWithWarnAndProcedueInRecepitsVoucher</a></td><td rowspan="1">1672818485767</td><td rowspan="1">204751</td></tr><tr class="passedeven"><td><a href="#m62">checkValidationOFFOrmulaControlAtVoucherLevel</a></td><td rowspan="1">1672818777859</td><td rowspan="1">22874</td></tr><tr class="passedeven"><td><a href="#m63">checkViewOptionCreatedInPurchaseVoucherVAT</a></td><td rowspan="1">1672818974371</td><td rowspan="1">32741</td></tr><tr class="passedeven"><td><a href="#m64">checkVoucherLevelOnEnterRuleValidation</a></td><td rowspan="1">1672818268974</td><td rowspan="1">18855</td></tr><tr class="passedeven"><td><a href="#m65">chekSavingRuleWithBeforeDelete</a></td><td rowspan="1">1672818400532</td><td rowspan="1">34302</td></tr><tr class="passedeven"><td><a href="#m66">chekSavingRuleWithOnEdit</a></td><td rowspan="1">1672818434835</td><td rowspan="1">50930</td></tr><tr class="passedeven"><td><a href="#m67">chekSavingRuleWithOnEnter</a></td><td rowspan="1">1672818218863</td><td rowspan="1">50109</td></tr><tr class="passedodd"><td rowspan="2">com.focus.testcases.URLBrowserTest</td><td><a href="#m68">checkLoginPageTitleByURLInputInBrowser</a></td><td rowspan="1">1672817716329</td><td rowspan="1">5433</td></tr><tr class="passedodd"><td><a href="#m69">verifyBrowserOpen</a></td><td rowspan="1">1672817707958</td><td rowspan="1">8368</td></tr></tbody></table><h2>Test</h2><h3 id="m0">com.focus.testcases.MasterPreloadTest#CheckEditingPurchaseVoucherVAT1WithStockItemAndSTDRateItem</h3><table class="result"><tr><th>Messages</th></tr><tr><td><div class="messages">Completed executing following method : MasterPreloadTest.CheckEditingPurchaseVoucherVAT1WithStockItemAndSTDRateItem<br/>Test Method resides in com.focus.testcases.MasterPreloadTest<br/>Test Status: Failed<br/>About to begin executing following method : BaseEngine.afterMethodExecution</div></td></tr><tr><th>Exception</th></tr><tr><td><div class="stacktrace">java.lang.AssertionError: expected [true] but found [false]
	at com.focus.testcases.MasterPreloadTest.CheckEditingPurchaseVoucherVAT1WithStockItemAndSTDRateItem(MasterPreloadTest.java:80)
... Removed 30 stack frames</div></td></tr></table><p class="totop"><a href="#summary">back to summary</a></p><h3 id="m1">com.focus.testcases.MasterPreloadTest#CheckSavingPurchaseVoucherVATWithStockItemAndSTDRateItem</h3><table class="result"><tr><th>Messages</th></tr><tr><td><div class="messages">Completed executing following method : MasterPreloadTest.CheckSavingPurchaseVoucherVATWithStockItemAndSTDRateItem<br/>Test Method resides in com.focus.testcases.MasterPreloadTest<br/>Test Status: Failed<br/>About to begin executing following method : BaseEngine.afterMethodExecution</div></td></tr><tr><th>Exception</th></tr><tr><td><div class="stacktrace">java.lang.AssertionError: expected [true] but found [false]
	at com.focus.testcases.MasterPreloadTest.CheckSavingPurchaseVoucherVATWithStockItemAndSTDRateItem(MasterPreloadTest.java:66)
... Removed 30 stack frames</div></td></tr></table><p class="totop"><a href="#summary">back to summary</a></p><h3 id="m2">com.focus.testcases.RulesTest#checkF5KeyWithRMAPopUpInOpeningStocks</h3><table class="result"><tr><th>Messages</th></tr><tr><td><div class="messages">Completed executing following method : RulesTest.checkF5KeyWithRMAPopUpInOpeningStocks<br/>Test Method resides in com.focus.testcases.RulesTest<br/>Test Status: Failed<br/>About to begin executing following method : BaseEngine.afterMethodExecution</div></td></tr><tr><th>Exception</th></tr><tr><td><div class="stacktrace">java.lang.AssertionError: expected [true] but found [false]
	at com.focus.testcases.RulesTest.checkF5KeyWithRMAPopUpInOpeningStocks(RulesTest.java:268)
... Removed 30 stack frames</div></td></tr></table><p class="totop"><a href="#summary">back to summary</a></p><h3 id="m3">com.focus.testcases.RulesTest#checkLOADRuleOptionAtVoucherLevel</h3><table class="result"><tr><th>Messages</th></tr><tr><td><div class="messages">Completed executing following method : RulesTest.checkLOADRuleOptionAtVoucherLevel<br/>Test Method resides in com.focus.testcases.RulesTest<br/>Test Status: Failed<br/>About to begin executing following method : BaseEngine.afterMethodExecution</div></td></tr><tr><th>Exception</th></tr><tr><td><div class="stacktrace">java.lang.AssertionError: expected [true] but found [false]
	at com.focus.testcases.RulesTest.checkLOADRuleOptionAtVoucherLevel(RulesTest.java:52)
... Removed 30 stack frames</div></td></tr></table><p class="totop"><a href="#summary">back to summary</a></p><h3 id="m4">com.focus.testcases.RulesTest#checkPrintPDFFileAfterCreatingHeadeAndFooterLayoutInLedgerReport</h3><table class="result"><tr><th>Messages</th></tr><tr><td><div class="messages">Completed executing following method : RulesTest.checkPrintPDFFileAfterCreatingHeadeAndFooterLayoutInLedgerReport<br/>Test Method resides in com.focus.testcases.RulesTest<br/>Test Status: Failed<br/>About to begin executing following method : BaseEngine.afterMethodExecution</div></td></tr><tr><th>Exception</th></tr><tr><td><div class="stacktrace">java.lang.AssertionError: expected [true] but found [false]
	at com.focus.testcases.RulesTest.checkPrintPDFFileAfterCreatingHeadeAndFooterLayoutInLedgerReport(RulesTest.java:369)
... Removed 30 stack frames</div></td></tr></table><p class="totop"><a href="#summary">back to summary</a></p><h3 id="m5">com.focus.testcases.RulesTest#checkPrintPDFFileAfterImportingHeaderAndFooterLayoutInStockLedgerReport</h3><table class="result"><tr><th>Messages</th></tr><tr><td><div class="messages">Completed executing following method : RulesTest.checkPrintPDFFileAfterImportingHeaderAndFooterLayoutInStockLedgerReport<br/>Test Method resides in com.focus.testcases.RulesTest<br/>Test Status: Failed<br/>About to begin executing following method : BaseEngine.afterMethodExecution</div></td></tr><tr><th>Exception</th></tr><tr><td><div class="stacktrace">java.lang.AssertionError: expected [true] but found [false]
	at com.focus.testcases.RulesTest.checkPrintPDFFileAfterImportingHeaderAndFooterLayoutInStockLedgerReport(RulesTest.java:383)
... Removed 30 stack frames</div></td></tr></table><p class="totop"><a href="#summary">back to summary</a></p><h3 id="m6">com.focus.testcases.RulesTest#checkSavingPurchaseVoucherVATWithRateBelowAverageRateForWarnAndAllow</h3><table class="result"><tr><th>Messages</th></tr><tr><td><div class="messages">Completed executing following method : RulesTest.checkSavingPurchaseVoucherVATWithRateBelowAverageRateForWarnAndAllow<br/>Test Method resides in com.focus.testcases.RulesTest<br/>Test Status: Failed<br/>About to begin executing following method : BaseEngine.afterMethodExecution</div></td></tr><tr><th>Exception</th></tr><tr><td><div class="stacktrace">java.lang.AssertionError: expected [true] but found [false]
	at com.focus.testcases.RulesTest.checkSavingPurchaseVoucherVATWithRateBelowAverageRateForWarnAndAllow(RulesTest.java:337)
... Removed 30 stack frames</div></td></tr></table><p class="totop"><a href="#summary">back to summary</a></p><h3 id="m7">com.focus.testcases.RulesTest#checkSavingPurchaseVoucherVATWithRateEqualToAverageRateWithWarnAndAllow</h3><table class="result"><tr><th>Messages</th></tr><tr><td><div class="messages">Completed executing following method : RulesTest.checkSavingPurchaseVoucherVATWithRateEqualToAverageRateWithWarnAndAllow<br/>Test Method resides in com.focus.testcases.RulesTest<br/>Test Status: Failed<br/>About to begin executing following method : BaseEngine.afterMethodExecution</div></td></tr><tr><th>Exception</th></tr><tr><td><div class="stacktrace">java.lang.AssertionError: expected [true] but found [false]
	at com.focus.testcases.RulesTest.checkSavingPurchaseVoucherVATWithRateEqualToAverageRateWithWarnAndAllow(RulesTest.java:344)
... Removed 30 stack frames</div></td></tr></table><p class="totop"><a href="#summary">back to summary</a></p><h3 id="m8">com.focus.testcases.RulesTest#checkSavingPurchaseVoucherVATWithRateGreaterThanAverageRateWithWarnAndAllow</h3><table class="result"><tr><th>Messages</th></tr><tr><td><div class="messages">Completed executing following method : RulesTest.checkSavingPurchaseVoucherVATWithRateGreaterThanAverageRateWithWarnAndAllow<br/>Test Method resides in com.focus.testcases.RulesTest<br/>Test Status: Failed<br/>About to begin executing following method : BaseEngine.afterMethodExecution</div></td></tr><tr><th>Exception</th></tr><tr><td><div class="stacktrace">java.lang.AssertionError: expected [true] but found [false]
	at com.focus.testcases.RulesTest.checkSavingPurchaseVoucherVATWithRateGreaterThanAverageRateWithWarnAndAllow(RulesTest.java:351)
... Removed 30 stack frames</div></td></tr></table><p class="totop"><a href="#summary">back to summary</a></p><h3 id="m9">com.focus.testcases.LoginPageTest#checkCompanyTextDisplayInCompanyListDropdown</h3><table class="result"><tr><th>Messages</th></tr><tr><td><div class="messages">Completed executing following method : LoginPageTest.checkCompanyTextDisplayInCompanyListDropdown<br/>Test Method resides in com.focus.testcases.LoginPageTest<br/>Test Status: Pass<br/>About to begin executing following method : BaseEngine.afterMethodExecution</div></td></tr></table><p class="totop"><a href="#summary">back to summary</a></p><h3 id="m10">com.focus.testcases.LoginPageTest#checkLoginPageAvailablityOfFields</h3><table class="result"><tr><th>Messages</th></tr><tr><td><div class="messages">Completed executing following method : LoginPageTest.checkLoginPageAvailablityOfFields<br/>Test Method resides in com.focus.testcases.LoginPageTest<br/>Test Status: Pass<br/>About to begin executing following method : BaseEngine.afterMethodExecution</div></td></tr></table><p class="totop"><a href="#summary">back to summary</a></p><h3 id="m11">com.focus.testcases.LoginPageTest#checkSignInBtnWithValidUserNameAndValidPassword</h3><table class="result"><tr><th>Messages</th></tr><tr><td><div class="messages">Completed executing following method : LoginPageTest.checkSignInBtnWithValidUserNameAndValidPassword<br/>Test Method resides in com.focus.testcases.LoginPageTest<br/>Test Status: Pass<br/>About to begin executing following method : BaseEngine.afterMethodExecution</div></td></tr></table><p class="totop"><a href="#summary">back to summary</a></p><h3 id="m12">com.focus.testcases.LoginPageTest#checkUserNameInfoInHomePage</h3><table class="result"><tr><th>Messages</th></tr><tr><td><div class="messages">Completed executing following method : LoginPageTest.checkUserNameInfoInHomePage<br/>Test Method resides in com.focus.testcases.LoginPageTest<br/>Test Status: Pass<br/>About to begin executing following method : BaseEngine.afterMethodExecution</div></td></tr></table><p class="totop"><a href="#summary">back to summary</a></p><h3 id="m13">com.focus.testcases.MasterPreloadTest#CheckCostCenterInSavedVoucherWithStockItemAndSTDRateItem</h3><table class="result"><tr><th>Messages</th></tr><tr><td><div class="messages">Completed executing following method : MasterPreloadTest.CheckCostCenterInSavedVoucherWithStockItemAndSTDRateItem<br/>Test Method resides in com.focus.testcases.MasterPreloadTest<br/>Test Status: Pass<br/>About to begin executing following method : BaseEngine.afterMethodExecution</div></td></tr></table><p class="totop"><a href="#summary">back to summary</a></p><h3 id="m14">com.focus.testcases.MasterPreloadTest#checkAddingExtraFieldInGeneralTabAsCostCenter</h3><table class="result"><tr><th>Messages</th></tr><tr><td><div class="messages">Completed executing following method : MasterPreloadTest.checkAddingExtraFieldInGeneralTabAsCostCenter<br/>Test Method resides in com.focus.testcases.MasterPreloadTest<br/>Test Status: Pass<br/>About to begin executing following method : BaseEngine.afterMethodExecution</div></td></tr></table><p class="totop"><a href="#summary">back to summary</a></p><h3 id="m15">com.focus.testcases.MasterPreloadTest#checkAddingFieldsInEditLayoutBodyTabAsCostCenterBodyInPurchaseVoucher</h3><table class="result"><tr><th>Messages</th></tr><tr><td><div class="messages">Completed executing following method : MasterPreloadTest.checkAddingFieldsInEditLayoutBodyTabAsCostCenterBodyInPurchaseVoucher<br/>Test Method resides in com.focus.testcases.MasterPreloadTest<br/>Test Status: Pass<br/>About to begin executing following method : BaseEngine.afterMethodExecution</div></td></tr></table><p class="totop"><a href="#summary">back to summary</a></p><h3 id="m16">com.focus.testcases.MasterPreloadTest#checkAssigningCostCenterToSTDRateItem</h3><table class="result"><tr><th>Messages</th></tr><tr><td><div class="messages">Completed executing following method : MasterPreloadTest.checkAssigningCostCenterToSTDRateItem<br/>Test Method resides in com.focus.testcases.MasterPreloadTest<br/>Test Status: Pass<br/>About to begin executing following method : BaseEngine.afterMethodExecution</div></td></tr></table><p class="totop"><a href="#summary">back to summary</a></p><h3 id="m17">com.focus.testcases.MasterPreloadTest#checkAssigningCostCenterToStockItem</h3><table class="result"><tr><th>Messages</th></tr><tr><td><div class="messages">Completed executing following method : MasterPreloadTest.checkAssigningCostCenterToStockItem<br/>Test Method resides in com.focus.testcases.MasterPreloadTest<br/>Test Status: Pass<br/>About to begin executing following method : BaseEngine.afterMethodExecution</div></td></tr></table><p class="totop"><a href="#summary">back to summary</a></p><h3 id="m18">com.focus.testcases.MasterPreloadTest#checkCreatingCostCenterWithSTDRateCostCenter</h3><table class="result"><tr><th>Messages</th></tr><tr><td><div class="messages">Completed executing following method : MasterPreloadTest.checkCreatingCostCenterWithSTDRateCostCenter<br/>Test Method resides in com.focus.testcases.MasterPreloadTest<br/>Test Status: Pass<br/>About to begin executing following method : BaseEngine.afterMethodExecution</div></td></tr></table><p class="totop"><a href="#summary">back to summary</a></p><h3 id="m19">com.focus.testcases.MasterPreloadTest#checkCreatingCostCenterWithStockCostCenter</h3><table class="result"><tr><th>Messages</th></tr><tr><td><div class="messages">Completed executing following method : MasterPreloadTest.checkCreatingCostCenterWithStockCostCenter<br/>Test Method resides in com.focus.testcases.MasterPreloadTest<br/>Test Status: Pass<br/>About to begin executing following method : BaseEngine.afterMethodExecution</div></td></tr></table><p class="totop"><a href="#summary">back to summary</a></p><h3 id="m20">com.focus.testcases.MasterPreloadTest#checkEraseAllTransactionsAfterCompletingAllValidations</h3><table class="result"><tr><th>Messages</th></tr><tr><td><div class="messages">Completed executing following method : MasterPreloadTest.checkEraseAllTransactionsAfterCompletingAllValidations<br/>Test Method resides in com.focus.testcases.MasterPreloadTest<br/>Test Status: Pass<br/>About to begin executing following method : BaseEngine.afterMethodExecution</div></td></tr></table><p class="totop"><a href="#summary">back to summary</a></p><h3 id="m21">com.focus.testcases.MasterPreloadTest#checkSavedPVVATAfterEditingVoucher</h3><table class="result"><tr><th>Messages</th></tr><tr><td><div class="messages">Completed executing following method : MasterPreloadTest.checkSavedPVVATAfterEditingVoucher<br/>Test Method resides in com.focus.testcases.MasterPreloadTest<br/>Test Status: Pass<br/>About to begin executing following method : BaseEngine.afterMethodExecution</div></td></tr></table><p class="totop"><a href="#summary">back to summary</a></p><h3 id="m22">com.focus.testcases.MasterPreloadTest#checkUpdatingItemRateCannotBeBelowCostForSalesInvoiceVAT</h3><table class="result"><tr><th>Messages</th></tr><tr><td><div class="messages">Completed executing following method : MasterPreloadTest.checkUpdatingItemRateCannotBeBelowCostForSalesInvoiceVAT<br/>Test Method resides in com.focus.testcases.MasterPreloadTest<br/>Test Status: Pass<br/>About to begin executing following method : BaseEngine.afterMethodExecution</div></td></tr></table><p class="totop"><a href="#summary">back to summary</a></p><h3 id="m23">com.focus.testcases.MasterPreloadTest#checkUpdatingItemRateCannotBeChangedForSalesInvoiceVAT</h3><table class="result"><tr><th>Messages</th></tr><tr><td><div class="messages">Completed executing following method : MasterPreloadTest.checkUpdatingItemRateCannotBeChangedForSalesInvoiceVAT<br/>Test Method resides in com.focus.testcases.MasterPreloadTest<br/>Test Status: Pass<br/>About to begin executing following method : BaseEngine.afterMethodExecution</div></td></tr></table><p class="totop"><a href="#summary">back to summary</a></p><h3 id="m24">com.focus.testcases.MasterPreloadTest#checkUpdatingItemRateEditableForSalesInvoiceVAT</h3><table class="result"><tr><th>Messages</th></tr><tr><td><div class="messages">Completed executing following method : MasterPreloadTest.checkUpdatingItemRateEditableForSalesInvoiceVAT<br/>Test Method resides in com.focus.testcases.MasterPreloadTest<br/>Test Status: Pass<br/>About to begin executing following method : BaseEngine.afterMethodExecution</div></td></tr></table><p class="totop"><a href="#summary">back to summary</a></p><h3 id="m25">com.focus.testcases.MasterPreloadTest#checkValidatingCannotBeBelowCostDropdownAndSavingVoucher</h3><table class="result"><tr><th>Messages</th></tr><tr><td><div class="messages">Completed executing following method : MasterPreloadTest.checkValidatingCannotBeBelowCostDropdownAndSavingVoucher<br/>Test Method resides in com.focus.testcases.MasterPreloadTest<br/>Test Status: Pass<br/>About to begin executing following method : BaseEngine.afterMethodExecution</div></td></tr></table><p class="totop"><a href="#summary">back to summary</a></p><h3 id="m26">com.focus.testcases.MasterPreloadTest#checkValidatingCannotBeChangedInSavedVoucher</h3><table class="result"><tr><th>Messages</th></tr><tr><td><div class="messages">Completed executing following method : MasterPreloadTest.checkValidatingCannotBeChangedInSavedVoucher<br/>Test Method resides in com.focus.testcases.MasterPreloadTest<br/>Test Status: Pass<br/>About to begin executing following method : BaseEngine.afterMethodExecution</div></td></tr></table><p class="totop"><a href="#summary">back to summary</a></p><h3 id="m27">com.focus.testcases.RulesTest#CheckNavigateToRulesTAB</h3><table class="result"><tr><th>Messages</th></tr><tr><td><div class="messages">Completed executing following method : RulesTest.CheckNavigateToRulesTAB<br/>Test Method resides in com.focus.testcases.RulesTest<br/>Test Status: Pass<br/>About to begin executing following method : BaseEngine.afterMethodExecution</div></td></tr></table><p class="totop"><a href="#summary">back to summary</a></p><h3 id="m28">com.focus.testcases.RulesTest#chckRestoreBackUpForSQLFunction</h3><table class="result"><tr><th>Messages</th></tr><tr><td><div class="messages">Completed executing following method : RulesTest.chckRestoreBackUpForSQLFunction<br/>Test Method resides in com.focus.testcases.RulesTest<br/>Test Status: Pass<br/>About to begin executing following method : BaseEngine.afterMethodExecution</div></td></tr></table><p class="totop"><a href="#summary">back to summary</a></p><h3 id="m29">com.focus.testcases.RulesTest#checkAccountTxtWithClickOnF5</h3><table class="result"><tr><th>Messages</th></tr><tr><td><div class="messages">Completed executing following method : RulesTest.checkAccountTxtWithClickOnF5<br/>Test Method resides in com.focus.testcases.RulesTest<br/>Test Status: Pass<br/>About to begin executing following method : BaseEngine.afterMethodExecution</div></td></tr></table><p class="totop"><a href="#summary">back to summary</a></p><h3 id="m30">com.focus.testcases.RulesTest#checkAddingHeadeAndFooterInLedgerReport</h3><table class="result"><tr><th>Messages</th></tr><tr><td><div class="messages">Completed executing following method : RulesTest.checkAddingHeadeAndFooterInLedgerReport<br/>Test Method resides in com.focus.testcases.RulesTest<br/>Test Status: Pass<br/>About to begin executing following method : BaseEngine.afterMethodExecution</div></td></tr></table><p class="totop"><a href="#summary">back to summary</a></p><h3 id="m31">com.focus.testcases.RulesTest#checkAfterEnableHiddenOptionAtVoucherLevel</h3><table class="result"><tr><th>Messages</th></tr><tr><td><div class="messages">Completed executing following method : RulesTest.checkAfterEnableHiddenOptionAtVoucherLevel<br/>Test Method resides in com.focus.testcases.RulesTest<br/>Test Status: Pass<br/>About to begin executing following method : BaseEngine.afterMethodExecution</div></td></tr></table><p class="totop"><a href="#summary">back to summary</a></p><h3 id="m32">com.focus.testcases.RulesTest#checkBodyHeadingColumnWithCustomerAccount</h3><table class="result"><tr><th>Messages</th></tr><tr><td><div class="messages">Completed executing following method : RulesTest.checkBodyHeadingColumnWithCustomerAccount<br/>Test Method resides in com.focus.testcases.RulesTest<br/>Test Status: Pass<br/>About to begin executing following method : BaseEngine.afterMethodExecution</div></td></tr></table><p class="totop"><a href="#summary">back to summary</a></p><h3 id="m33">com.focus.testcases.RulesTest#checkChangingDepartmentAsAMERICAAndValidateColounmHeadingName</h3><table class="result"><tr><th>Messages</th></tr><tr><td><div class="messages">Completed executing following method : RulesTest.checkChangingDepartmentAsAMERICAAndValidateColounmHeadingName<br/>Test Method resides in com.focus.testcases.RulesTest<br/>Test Status: Pass<br/>About to begin executing following method : BaseEngine.afterMethodExecution</div></td></tr></table><p class="totop"><a href="#summary">back to summary</a></p><h3 id="m34">com.focus.testcases.RulesTest#checkClickOnHiddingOptionInRulesAndClickOnSave</h3><table class="result"><tr><th>Messages</th></tr><tr><td><div class="messages">Completed executing following method : RulesTest.checkClickOnHiddingOptionInRulesAndClickOnSave<br/>Test Method resides in com.focus.testcases.RulesTest<br/>Test Status: Pass<br/>About to begin executing following method : BaseEngine.afterMethodExecution</div></td></tr></table><p class="totop"><a href="#summary">back to summary</a></p><h3 id="m35">com.focus.testcases.RulesTest#checkCopyAndPasteWithControlOptionInLedgerReport</h3><table class="result"><tr><th>Messages</th></tr><tr><td><div class="messages">Completed executing following method : RulesTest.checkCopyAndPasteWithControlOptionInLedgerReport<br/>Test Method resides in com.focus.testcases.RulesTest<br/>Test Status: Pass<br/>About to begin executing following method : BaseEngine.afterMethodExecution</div></td></tr></table><p class="totop"><a href="#summary">back to summary</a></p><h3 id="m36">com.focus.testcases.RulesTest#checkCreatingConditionForRestrictionsWithStopOption</h3><table class="result"><tr><th>Messages</th></tr><tr><td><div class="messages">Completed executing following method : RulesTest.checkCreatingConditionForRestrictionsWithStopOption<br/>Test Method resides in com.focus.testcases.RulesTest<br/>Test Status: Pass<br/>About to begin executing following method : BaseEngine.afterMethodExecution</div></td></tr></table><p class="totop"><a href="#summary">back to summary</a></p><h3 id="m37">com.focus.testcases.RulesTest#checkCreatingConditionForRestrictionsWithWarnAndAllowOption</h3><table class="result"><tr><th>Messages</th></tr><tr><td><div class="messages">Completed executing following method : RulesTest.checkCreatingConditionForRestrictionsWithWarnAndAllowOption<br/>Test Method resides in com.focus.testcases.RulesTest<br/>Test Status: Pass<br/>About to begin executing following method : BaseEngine.afterMethodExecution</div></td></tr></table><p class="totop"><a href="#summary">back to summary</a></p><h3 id="m38">com.focus.testcases.RulesTest#checkCreatingViewOptionInPurchaseVoucher</h3><table class="result"><tr><th>Messages</th></tr><tr><td><div class="messages">Completed executing following method : RulesTest.checkCreatingViewOptionInPurchaseVoucher<br/>Test Method resides in com.focus.testcases.RulesTest<br/>Test Status: Pass<br/>About to begin executing following method : BaseEngine.afterMethodExecution</div></td></tr></table><p class="totop"><a href="#summary">back to summary</a></p><h3 id="m39">com.focus.testcases.RulesTest#checkEditingAndAddingSavedRuleUnderRecepitsVAT</h3><table class="result"><tr><th>Messages</th></tr><tr><td><div class="messages">Completed executing following method : RulesTest.checkEditingAndAddingSavedRuleUnderRecepitsVAT<br/>Test Method resides in com.focus.testcases.RulesTest<br/>Test Status: Pass<br/>About to begin executing following method : BaseEngine.afterMethodExecution</div></td></tr></table><p class="totop"><a href="#summary">back to summary</a></p><h3 id="m40">com.focus.testcases.RulesTest#checkEnterF5keyInLedgerReport</h3><table class="result"><tr><th>Messages</th></tr><tr><td><div class="messages">Completed executing following method : RulesTest.checkEnterF5keyInLedgerReport<br/>Test Method resides in com.focus.testcases.RulesTest<br/>Test Status: Pass<br/>About to begin executing following method : BaseEngine.afterMethodExecution</div></td></tr></table><p class="totop"><a href="#summary">back to summary</a></p><h3 id="m41">com.focus.testcases.RulesTest#checkF5KeyInFilterPopUpScreen</h3><table class="result"><tr><th>Messages</th></tr><tr><td><div class="messages">Completed executing following method : RulesTest.checkF5KeyInFilterPopUpScreen<br/>Test Method resides in com.focus.testcases.RulesTest<br/>Test Status: Pass<br/>About to begin executing following method : BaseEngine.afterMethodExecution</div></td></tr></table><p class="totop"><a href="#summary">back to summary</a></p><h3 id="m42">com.focus.testcases.RulesTest#checkITEMWithF5Key</h3><table class="result"><tr><th>Messages</th></tr><tr><td><div class="messages">Completed executing following method : RulesTest.checkITEMWithF5Key<br/>Test Method resides in com.focus.testcases.RulesTest<br/>Test Status: Pass<br/>About to begin executing following method : BaseEngine.afterMethodExecution</div></td></tr></table><p class="totop"><a href="#summary">back to summary</a></p><h3 id="m43">com.focus.testcases.RulesTest#checkItemValuesintoVoucherLevelOnClickOnOkBtnInSearchPopUp</h3><table class="result"><tr><th>Messages</th></tr><tr><td><div class="messages">Completed executing following method : RulesTest.checkItemValuesintoVoucherLevelOnClickOnOkBtnInSearchPopUp<br/>Test Method resides in com.focus.testcases.RulesTest<br/>Test Status: Pass<br/>About to begin executing following method : BaseEngine.afterMethodExecution</div></td></tr></table><p class="totop"><a href="#summary">back to summary</a></p><h3 id="m44">com.focus.testcases.RulesTest#checkLoadingAccountValuesFromSearchPopUp</h3><table class="result"><tr><th>Messages</th></tr><tr><td><div class="messages">Completed executing following method : RulesTest.checkLoadingAccountValuesFromSearchPopUp<br/>Test Method resides in com.focus.testcases.RulesTest<br/>Test Status: Pass<br/>About to begin executing following method : BaseEngine.afterMethodExecution</div></td></tr></table><p class="totop"><a href="#summary">back to summary</a></p><h3 id="m45">com.focus.testcases.RulesTest#checkLoadingFieldsIntoPopOnClickOnRefreshBtn</h3><table class="result"><tr><th>Messages</th></tr><tr><td><div class="messages">Completed executing following method : RulesTest.checkLoadingFieldsIntoPopOnClickOnRefreshBtn<br/>Test Method resides in com.focus.testcases.RulesTest<br/>Test Status: Pass<br/>About to begin executing following method : BaseEngine.afterMethodExecution</div></td></tr></table><p class="totop"><a href="#summary">back to summary</a></p><h3 id="m46">com.focus.testcases.RulesTest#checkLogin</h3><table class="result"><tr><th>Messages</th></tr><tr><td><div class="messages">Completed executing following method : RulesTest.checkLogin<br/>Test Method resides in com.focus.testcases.RulesTest<br/>Test Status: Pass<br/>About to begin executing following method : BaseEngine.afterMethodExecution</div></td></tr></table><p class="totop"><a href="#summary">back to summary</a></p><h3 id="m47">com.focus.testcases.RulesTest#checkOnLeaveValiationATVoucherLevelWithDepartmentWales</h3><table class="result"><tr><th>Messages</th></tr><tr><td><div class="messages">Completed executing following method : RulesTest.checkOnLeaveValiationATVoucherLevelWithDepartmentWales<br/>Test Method resides in com.focus.testcases.RulesTest<br/>Test Status: Pass<br/>About to begin executing following method : BaseEngine.afterMethodExecution</div></td></tr></table><p class="totop"><a href="#summary">back to summary</a></p><h3 id="m48">com.focus.testcases.RulesTest#checkRuleConditionAfterEditingINEnterRule</h3><table class="result"><tr><th>Messages</th></tr><tr><td><div class="messages">Completed executing following method : RulesTest.checkRuleConditionAfterEditingINEnterRule<br/>Test Method resides in com.focus.testcases.RulesTest<br/>Test Status: Pass<br/>About to begin executing following method : BaseEngine.afterMethodExecution</div></td></tr></table><p class="totop"><a href="#summary">back to summary</a></p><h3 id="m49">com.focus.testcases.RulesTest#checkSQLFuntionATExcessStockVoucherLevel</h3><table class="result"><tr><th>Messages</th></tr><tr><td><div class="messages">Completed executing following method : RulesTest.checkSQLFuntionATExcessStockVoucherLevel<br/>Test Method resides in com.focus.testcases.RulesTest<br/>Test Status: Pass<br/>About to begin executing following method : BaseEngine.afterMethodExecution</div></td></tr></table><p class="totop"><a href="#summary">back to summary</a></p><h3 id="m50">com.focus.testcases.RulesTest#checkSavedRuleWithLoadOptionEnable</h3><table class="result"><tr><th>Messages</th></tr><tr><td><div class="messages">Completed executing following method : RulesTest.checkSavedRuleWithLoadOptionEnable<br/>Test Method resides in com.focus.testcases.RulesTest<br/>Test Status: Pass<br/>About to begin executing following method : BaseEngine.afterMethodExecution</div></td></tr></table><p class="totop"><a href="#summary">back to summary</a></p><h3 id="m51">com.focus.testcases.RulesTest#checkSavingExtraFiledInSalesINvoiceVAT</h3><table class="result"><tr><th>Messages</th></tr><tr><td><div class="messages">Completed executing following method : RulesTest.checkSavingExtraFiledInSalesINvoiceVAT<br/>Test Method resides in com.focus.testcases.RulesTest<br/>Test Status: Pass<br/>About to begin executing following method : BaseEngine.afterMethodExecution</div></td></tr></table><p class="totop"><a href="#summary">back to summary</a></p><h3 id="m52">com.focus.testcases.RulesTest#checkSavingOpeningStockVoucher</h3><table class="result"><tr><th>Messages</th></tr><tr><td><div class="messages">Completed executing following method : RulesTest.checkSavingOpeningStockVoucher<br/>Test Method resides in com.focus.testcases.RulesTest<br/>Test Status: Pass<br/>About to begin executing following method : BaseEngine.afterMethodExecution</div></td></tr></table><p class="totop"><a href="#summary">back to summary</a></p><h3 id="m53">com.focus.testcases.RulesTest#checkSavingPurchaseVoucherVATWithRateBelowAverageRate</h3><table class="result"><tr><th>Messages</th></tr><tr><td><div class="messages">Completed executing following method : RulesTest.checkSavingPurchaseVoucherVATWithRateBelowAverageRate<br/>Test Method resides in com.focus.testcases.RulesTest<br/>Test Status: Pass<br/>About to begin executing following method : BaseEngine.afterMethodExecution</div></td></tr></table><p class="totop"><a href="#summary">back to summary</a></p><h3 id="m54">com.focus.testcases.RulesTest#checkSavingPurchaseVoucherVATWithRateEqualToAverageRate</h3><table class="result"><tr><th>Messages</th></tr><tr><td><div class="messages">Completed executing following method : RulesTest.checkSavingPurchaseVoucherVATWithRateEqualToAverageRate<br/>Test Method resides in com.focus.testcases.RulesTest<br/>Test Status: Pass<br/>About to begin executing following method : BaseEngine.afterMethodExecution</div></td></tr></table><p class="totop"><a href="#summary">back to summary</a></p><h3 id="m55">com.focus.testcases.RulesTest#checkSavingPurchaseVoucherVATWithRateGreaterThanAverageRate</h3><table class="result"><tr><th>Messages</th></tr><tr><td><div class="messages">Completed executing following method : RulesTest.checkSavingPurchaseVoucherVATWithRateGreaterThanAverageRate<br/>Test Method resides in com.focus.testcases.RulesTest<br/>Test Status: Pass<br/>About to begin executing following method : BaseEngine.afterMethodExecution</div></td></tr></table><p class="totop"><a href="#summary">back to summary</a></p><h3 id="m56">com.focus.testcases.RulesTest#checkSavingRuleWithFormulaUnderSalesINvoiceVAT</h3><table class="result"><tr><th>Messages</th></tr><tr><td><div class="messages">Completed executing following method : RulesTest.checkSavingRuleWithFormulaUnderSalesINvoiceVAT<br/>Test Method resides in com.focus.testcases.RulesTest<br/>Test Status: Pass<br/>About to begin executing following method : BaseEngine.afterMethodExecution</div></td></tr></table><p class="totop"><a href="#summary">back to summary</a></p><h3 id="m57">com.focus.testcases.RulesTest#checkSavingRuleWithOutInput</h3><table class="result"><tr><th>Messages</th></tr><tr><td><div class="messages">Completed executing following method : RulesTest.checkSavingRuleWithOutInput<br/>Test Method resides in com.focus.testcases.RulesTest<br/>Test Status: Pass<br/>About to begin executing following method : BaseEngine.afterMethodExecution</div></td></tr></table><p class="totop"><a href="#summary">back to summary</a></p><h3 id="m58">com.focus.testcases.RulesTest#checkSavingRulesWithOnLeave</h3><table class="result"><tr><th>Messages</th></tr><tr><td><div class="messages">Completed executing following method : RulesTest.checkSavingRulesWithOnLeave<br/>Test Method resides in com.focus.testcases.RulesTest<br/>Test Status: Pass<br/>About to begin executing following method : BaseEngine.afterMethodExecution</div></td></tr></table><p class="totop"><a href="#summary">back to summary</a></p><h3 id="m59">com.focus.testcases.RulesTest#checkSavingRulesWithOnLoadOptionEnableInVoucherLevel</h3><table class="result"><tr><th>Messages</th></tr><tr><td><div class="messages">Completed executing following method : RulesTest.checkSavingRulesWithOnLoadOptionEnableInVoucherLevel<br/>Test Method resides in com.focus.testcases.RulesTest<br/>Test Status: Pass<br/>About to begin executing following method : BaseEngine.afterMethodExecution</div></td></tr></table><p class="totop"><a href="#summary">back to summary</a></p><h3 id="m60">com.focus.testcases.RulesTest#checkStockLedgerReportImportingHeaderAndFooterLayout</h3><table class="result"><tr><th>Messages</th></tr><tr><td><div class="messages">Completed executing following method : RulesTest.checkStockLedgerReportImportingHeaderAndFooterLayout<br/>Test Method resides in com.focus.testcases.RulesTest<br/>Test Status: Pass<br/>About to begin executing following method : BaseEngine.afterMethodExecution</div></td></tr></table><p class="totop"><a href="#summary">back to summary</a></p><h3 id="m61">com.focus.testcases.RulesTest#checkValidationOFEditRuleWithWarnAndProcedueInRecepitsVoucher</h3><table class="result"><tr><th>Messages</th></tr><tr><td><div class="messages">Completed executing following method : RulesTest.checkValidationOFEditRuleWithWarnAndProcedueInRecepitsVoucher<br/>Test Method resides in com.focus.testcases.RulesTest<br/>Test Status: Pass<br/>About to begin executing following method : BaseEngine.afterMethodExecution</div></td></tr></table><p class="totop"><a href="#summary">back to summary</a></p><h3 id="m62">com.focus.testcases.RulesTest#checkValidationOFFOrmulaControlAtVoucherLevel</h3><table class="result"><tr><th>Messages</th></tr><tr><td><div class="messages">Completed executing following method : RulesTest.checkValidationOFFOrmulaControlAtVoucherLevel<br/>Test Method resides in com.focus.testcases.RulesTest<br/>Test Status: Pass<br/>About to begin executing following method : BaseEngine.afterMethodExecution</div></td></tr></table><p class="totop"><a href="#summary">back to summary</a></p><h3 id="m63">com.focus.testcases.RulesTest#checkViewOptionCreatedInPurchaseVoucherVAT</h3><table class="result"><tr><th>Messages</th></tr><tr><td><div class="messages">Completed executing following method : RulesTest.checkViewOptionCreatedInPurchaseVoucherVAT<br/>Test Method resides in com.focus.testcases.RulesTest<br/>Test Status: Pass<br/>About to begin executing following method : BaseEngine.afterMethodExecution</div></td></tr></table><p class="totop"><a href="#summary">back to summary</a></p><h3 id="m64">com.focus.testcases.RulesTest#checkVoucherLevelOnEnterRuleValidation</h3><table class="result"><tr><th>Messages</th></tr><tr><td><div class="messages">Completed executing following method : RulesTest.checkVoucherLevelOnEnterRuleValidation<br/>Test Method resides in com.focus.testcases.RulesTest<br/>Test Status: Pass<br/>About to begin executing following method : BaseEngine.afterMethodExecution</div></td></tr></table><p class="totop"><a href="#summary">back to summary</a></p><h3 id="m65">com.focus.testcases.RulesTest#chekSavingRuleWithBeforeDelete</h3><table class="result"><tr><th>Messages</th></tr><tr><td><div class="messages">Completed executing following method : RulesTest.chekSavingRuleWithBeforeDelete<br/>Test Method resides in com.focus.testcases.RulesTest<br/>Test Status: Pass<br/>About to begin executing following method : BaseEngine.afterMethodExecution</div></td></tr></table><p class="totop"><a href="#summary">back to summary</a></p><h3 id="m66">com.focus.testcases.RulesTest#chekSavingRuleWithOnEdit</h3><table class="result"><tr><th>Messages</th></tr><tr><td><div class="messages">Completed executing following method : RulesTest.chekSavingRuleWithOnEdit<br/>Test Method resides in com.focus.testcases.RulesTest<br/>Test Status: Pass<br/>About to begin executing following method : BaseEngine.afterMethodExecution</div></td></tr></table><p class="totop"><a href="#summary">back to summary</a></p><h3 id="m67">com.focus.testcases.RulesTest#chekSavingRuleWithOnEnter</h3><table class="result"><tr><th>Messages</th></tr><tr><td><div class="messages">Completed executing following method : RulesTest.chekSavingRuleWithOnEnter<br/>Test Method resides in com.focus.testcases.RulesTest<br/>Test Status: Pass<br/>About to begin executing following method : BaseEngine.afterMethodExecution</div></td></tr></table><p class="totop"><a href="#summary">back to summary</a></p><h3 id="m68">com.focus.testcases.URLBrowserTest#checkLoginPageTitleByURLInputInBrowser</h3><table class="result"><tr><th>Messages</th></tr><tr><td><div class="messages">Completed executing following method : URLBrowserTest.checkLoginPageTitleByURLInputInBrowser<br/>Test Method resides in com.focus.testcases.URLBrowserTest<br/>Test Status: Pass<br/>About to begin executing following method : BaseEngine.afterMethodExecution</div></td></tr></table><p class="totop"><a href="#summary">back to summary</a></p><h3 id="m69">com.focus.testcases.URLBrowserTest#verifyBrowserOpen</h3><table class="result"><tr><th>Messages</th></tr><tr><td><div class="messages">Completed executing following method : URLBrowserTest.verifyBrowserOpen<br/>Test Method resides in com.focus.testcases.URLBrowserTest<br/>Test Status: Pass<br/>About to begin executing following method : BaseEngine.afterMethodExecution</div></td></tr></table><p class="totop"><a href="#summary">back to summary</a></p></body></html>