<?xml version="1.0" encoding="UTF-8"?>
<!-- Generated by org.testng.reporters.JUnitReportReporter -->
<testsuite hostname="FOCUS-QA-10" name="com.focus.testcases.SmokeSecurityTest" tests="33" failures="2" timestamp="30 Dec 2022 15:39:00 GMT" time="553.467" errors="0">
  <testcase name="verifyPasswordPolicyTestSave" time="2.530" classname="com.focus.testcases.SmokeSecurityTest"/>
  <testcase name="checkLogoutAndLoginWithSUToUpdatedUserDeleteUser" time="8.928" classname="com.focus.testcases.SmokeSecurityTest"/>
  <testcase name="checkLogoutAndLoginWithSU" time="8.115" classname="com.focus.testcases.SmokeSecurityTest"/>
  <testcase name="checkPurchasesVoucherForRestrictedAccountsInUserThroughRole" time="14.991" classname="com.focus.testcases.SmokeSecurityTest">
    <failure type="java.lang.AssertionError" message="expected [true] but found [false]">
      <![CDATA[java.lang.AssertionError: expected [true] but found [false]
	at org.testng.Assert.fail(Assert.java:94)
	at org.testng.Assert.failNotEquals(Assert.java:513)
	at org.testng.Assert.assertEqualsImpl(Assert.java:135)
	at org.testng.Assert.assertEquals(Assert.java:116)
	at org.testng.Assert.assertEquals(Assert.java:305)
	at org.testng.Assert.assertEquals(Assert.java:315)
	at com.focus.testcases.SmokeSecurityTest.checkPurchasesVoucherForRestrictedAccountsInUserThroughRole(SmokeSecurityTest.java:231)
	at sun.reflect.NativeMethodAccessorImpl.invoke0(Native Method)
	at sun.reflect.NativeMethodAccessorImpl.invoke(Unknown Source)
	at sun.reflect.DelegatingMethodAccessorImpl.invoke(Unknown Source)
	at java.lang.reflect.Method.invoke(Unknown Source)
	at org.testng.internal.MethodInvocationHelper.invokeMethod(MethodInvocationHelper.java:86)
	at org.testng.internal.Invoker.invokeMethod(Invoker.java:643)
	at org.testng.internal.Invoker.invokeTestMethod(Invoker.java:820)
	at org.testng.internal.Invoker.invokeTestMethods(Invoker.java:1128)
	at org.testng.internal.TestMethodWorker.invokeTestMethods(TestMethodWorker.java:129)
	at org.testng.internal.TestMethodWorker.run(TestMethodWorker.java:112)
	at org.testng.TestRunner.privateRun(TestRunner.java:782)
	at org.testng.TestRunner.run(TestRunner.java:632)
	at org.testng.SuiteRunner.runTest(SuiteRunner.java:366)
	at org.testng.SuiteRunner.runSequentially(SuiteRunner.java:361)
	at org.testng.SuiteRunner.privateRun(SuiteRunner.java:319)
	at org.testng.SuiteRunner.run(SuiteRunner.java:268)
	at org.testng.SuiteRunnerWorker.runSuite(SuiteRunnerWorker.java:52)
	at org.testng.SuiteRunnerWorker.run(SuiteRunnerWorker.java:86)
	at org.testng.TestNG.runSuitesSequentially(TestNG.java:1244)
	at org.testng.TestNG.runSuitesLocally(TestNG.java:1169)
	at org.testng.TestNG.run(TestNG.java:1064)
	at org.testng.remote.AbstractRemoteTestNG.run(AbstractRemoteTestNG.java:114)
	at org.testng.remote.RemoteTestNG.initAndRun(RemoteTestNG.java:251)
	at org.testng.remote.RemoteTestNG.main(RemoteTestNG.java:77)
]]>
    </failure>
  </testcase> <!-- checkPurchasesVoucherForRestrictedAccountsInUserThroughRole -->
  <testcase name="checkLoginWithUpdatedPassword" time="5.519" classname="com.focus.testcases.SmokeSecurityTest"/>
  <testcase name="checkCreateUserWithRestrictionsForAccount" time="17.885" classname="com.focus.testcases.SmokeSecurityTest"/>
  <testcase name="checkCreateUserWithAllMandatoryFileds" time="29.429" classname="com.focus.testcases.SmokeSecurityTest"/>
  <testcase name="checkCreateProfileSavingValidatingAndDeletingLoadedProfile" time="21.160" classname="com.focus.testcases.SmokeSecurityTest"/>
  <testcase name="checInputMandatoryFieldsInCreateUser" time="16.884" classname="com.focus.testcases.SmokeSecurityTest"/>
  <testcase name="checkUpdatingTheCreatedUser" time="18.197" classname="com.focus.testcases.SmokeSecurityTest"/>
  <testcase name="checkLogoutAndLoginWithCreatedRestrictedUser" time="18.886" classname="com.focus.testcases.SmokeSecurityTest"/>
  <testcase name="checkSalesInvoiceVATForRestrictedAccountsThroughUser" time="21.405" classname="com.focus.testcases.SmokeSecurityTest"/>
  <testcase name="checkLogoutAndLoginWithUpdatedUserWithPreviousPassword" time="3.046" classname="com.focus.testcases.SmokeSecurityTest"/>
  <testcase name="verifyAlertOnDeletePasswordPolicy" time="6.507" classname="com.focus.testcases.SmokeSecurityTest"/>
  <testcase name="verifyGetTheUpdatedPasswordPolicy" time="2.284" classname="com.focus.testcases.SmokeSecurityTest"/>
  <testcase name="checkLedgerForRestrictedAccountsInUserThroughRole" time="21.956" classname="com.focus.testcases.SmokeSecurityTest"/>
  <testcase name="verifyGetTheSimplePasswordPolicy" time="2.284" classname="com.focus.testcases.SmokeSecurityTest"/>
  <testcase name="checkSaveingRoleWithAllfieldsInAllTabs" time="83.307" classname="com.focus.testcases.SmokeSecurityTest"/>
  <testcase name="checkPurchasesVocherForRestrictedAccountThroughUser" time="18.063" classname="com.focus.testcases.SmokeSecurityTest">
    <failure type="java.lang.AssertionError" message="expected [true] but found [false]">
      <![CDATA[java.lang.AssertionError: expected [true] but found [false]
	at org.testng.Assert.fail(Assert.java:94)
	at org.testng.Assert.failNotEquals(Assert.java:513)
	at org.testng.Assert.assertEqualsImpl(Assert.java:135)
	at org.testng.Assert.assertEquals(Assert.java:116)
	at org.testng.Assert.assertEquals(Assert.java:305)
	at org.testng.Assert.assertEquals(Assert.java:315)
	at com.focus.testcases.SmokeSecurityTest.checkPurchasesVocherForRestrictedAccountThroughUser(SmokeSecurityTest.java:260)
	at sun.reflect.NativeMethodAccessorImpl.invoke0(Native Method)
	at sun.reflect.NativeMethodAccessorImpl.invoke(Unknown Source)
	at sun.reflect.DelegatingMethodAccessorImpl.invoke(Unknown Source)
	at java.lang.reflect.Method.invoke(Unknown Source)
	at org.testng.internal.MethodInvocationHelper.invokeMethod(MethodInvocationHelper.java:86)
	at org.testng.internal.Invoker.invokeMethod(Invoker.java:643)
	at org.testng.internal.Invoker.invokeTestMethod(Invoker.java:820)
	at org.testng.internal.Invoker.invokeTestMethods(Invoker.java:1128)
	at org.testng.internal.TestMethodWorker.invokeTestMethods(TestMethodWorker.java:129)
	at org.testng.internal.TestMethodWorker.run(TestMethodWorker.java:112)
	at org.testng.TestRunner.privateRun(TestRunner.java:782)
	at org.testng.TestRunner.run(TestRunner.java:632)
	at org.testng.SuiteRunner.runTest(SuiteRunner.java:366)
	at org.testng.SuiteRunner.runSequentially(SuiteRunner.java:361)
	at org.testng.SuiteRunner.privateRun(SuiteRunner.java:319)
	at org.testng.SuiteRunner.run(SuiteRunner.java:268)
	at org.testng.SuiteRunnerWorker.runSuite(SuiteRunnerWorker.java:52)
	at org.testng.SuiteRunnerWorker.run(SuiteRunnerWorker.java:86)
	at org.testng.TestNG.runSuitesSequentially(TestNG.java:1244)
	at org.testng.TestNG.runSuitesLocally(TestNG.java:1169)
	at org.testng.TestNG.run(TestNG.java:1064)
	at org.testng.remote.AbstractRemoteTestNG.run(AbstractRemoteTestNG.java:114)
	at org.testng.remote.RemoteTestNG.initAndRun(RemoteTestNG.java:251)
	at org.testng.remote.RemoteTestNG.main(RemoteTestNG.java:77)
]]>
    </failure>
  </testcase> <!-- checkPurchasesVocherForRestrictedAccountThroughUser -->
  <testcase name="checkDeletingUpdatedUser" time="16.035" classname="com.focus.testcases.SmokeSecurityTest"/>
  <testcase name="checkLogoutLoginWithSU" time="8.703" classname="com.focus.testcases.SmokeSecurityTest"/>
  <testcase name="checkSalesInvoicesVATForRestrictedAccountsInUserThroughRole" time="21.466" classname="com.focus.testcases.SmokeSecurityTest"/>
  <testcase name="CheckSavingAllProfileSTwithAlloptionsEnabled" time="22.701" classname="com.focus.testcases.SmokeSecurityTest"/>
  <testcase name="checkLedgerForRestrictedAccountThroughUser" time="19.373" classname="com.focus.testcases.SmokeSecurityTest"/>
  <testcase name="checkEditAndUpdateSavedRole" time="29.835" classname="com.focus.testcases.SmokeSecurityTest"/>
  <testcase name="verifyUpdateSimplePasswordPolicy" time="2.861" classname="com.focus.testcases.SmokeSecurityTest"/>
  <testcase name="checkLogoutAndLoginWithCreatedUser" time="18.842" classname="com.focus.testcases.SmokeSecurityTest"/>
  <testcase name="verifyPasswordPolicy" time="8.002" classname="com.focus.testcases.SmokeSecurityTest"/>
  <testcase name="checkCompareAndDeleteUpdatedRole" time="15.334" classname="com.focus.testcases.SmokeSecurityTest"/>
  <testcase name="verifyPasswordPolicyLists" time="0.116" classname="com.focus.testcases.SmokeSecurityTest"/>
  <testcase name="checkLogoutAndLoginWithNewlySavedUser_Testing" time="20.815" classname="com.focus.testcases.SmokeSecurityTest"/>
  <testcase name="checkCreateProfileLoadFromAllProfileAndValidatePurchasesVouchers" time="28.886" classname="com.focus.testcases.SmokeSecurityTest"/>
  <testcase name="checkEditingAndUpdatingSavedUser" time="19.122" classname="com.focus.testcases.SmokeSecurityTest"/>
</testsuite> <!-- com.focus.testcases.SmokeSecurityTest -->
