<?xml version="1.0" encoding="UTF-8"?>
<!-- Generated by org.testng.reporters.JUnitReportReporter -->
<testsuite hostname="FOCUS-QA-10" name="com.focus.testcases.SalesInvoiceVATVoucherTest" tests="20" failures="1" timestamp="4 Jan 2023 06:48:21 GMT" time="513.186" errors="0">
  <testcase name="checkSalesInvoiceVoucherToCheckStockItemLinkPopUpScreenWithCRTlPlusL" time="21.620" classname="com.focus.testcases.SalesInvoiceVATVoucherTest"/>
  <testcase name="checkSalesInvoiceVoucherToCheckRMAItemLinkPopUpScreenWithCRTlPlusL" time="40.359" classname="com.focus.testcases.SalesInvoiceVATVoucherTest"/>
  <testcase name="checkDeleteOptionInSalesInvoiceHomePage" time="5.105" classname="com.focus.testcases.SalesInvoiceVATVoucherTest"/>
  <testcase name="checkSalesInvoiceVoucherSavingSuspenigAndDeletingThroughConvertOption" time="16.548" classname="com.focus.testcases.SalesInvoiceVATVoucherTest"/>
  <testcase name="checkDeleteOptionInSalesInvoiceEntryPage" time="4.202" classname="com.focus.testcases.SalesInvoiceVATVoucherTest"/>
  <testcase name="checkVerifingDetailsOfSavedSalesInvoiceVATVoucherInHomepage" time="17.478" classname="com.focus.testcases.SalesInvoiceVATVoucherTest"/>
  <testcase name="checkSalesInvoiceVoucherLinewiseConsumingForBinItem" time="39.167" classname="com.focus.testcases.SalesInvoiceVATVoucherTest"/>
  <testcase name="checkSavingSalesInvoiceWithhAllItemsOfTransferedStockInSingleVoucher" time="61.593" classname="com.focus.testcases.SalesInvoiceVATVoucherTest"/>
  <testcase name="checkSalesInvoiceVoucherToCheckBinItemLinkPopUpScreenWithCRTlPlusL" time="34.294" classname="com.focus.testcases.SalesInvoiceVATVoucherTest"/>
  <testcase name="checkSalesInvoiceVoucherSearchInLinkPopupScreenAndSaveWithBatchItem" time="26.025" classname="com.focus.testcases.SalesInvoiceVATVoucherTest"/>
  <testcase name="checkSuspendOptionInSalesInvoiceHomePage" time="3.489" classname="com.focus.testcases.SalesInvoiceVATVoucherTest"/>
  <testcase name="checkSalesInvoiceVoucherLinewiseConsumingForRmaItem" time="30.843" classname="com.focus.testcases.SalesInvoiceVATVoucherTest"/>
  <testcase name="checkSalesInvoiceVoucherLinewiseConsumingForBatchItem" time="22.546" classname="com.focus.testcases.SalesInvoiceVATVoucherTest">
    <failure type="java.lang.AssertionError" message="expected [true] but found [false]">
      <![CDATA[java.lang.AssertionError: expected [true] but found [false]
	at org.testng.Assert.fail(Assert.java:94)
	at org.testng.Assert.failNotEquals(Assert.java:513)
	at org.testng.Assert.assertEqualsImpl(Assert.java:135)
	at org.testng.Assert.assertEquals(Assert.java:116)
	at org.testng.Assert.assertEquals(Assert.java:305)
	at org.testng.Assert.assertEquals(Assert.java:315)
	at com.focus.testcases.SalesInvoiceVATVoucherTest.checkSalesInvoiceVoucherLinewiseConsumingForBatchItem(SalesInvoiceVATVoucherTest.java:44)
	at sun.reflect.NativeMethodAccessorImpl.invoke0(Native Method)
	at sun.reflect.NativeMethodAccessorImpl.invoke(Unknown Source)
	at sun.reflect.DelegatingMethodAccessorImpl.invoke(Unknown Source)
	at java.lang.reflect.Method.invoke(Unknown Source)
	at org.testng.internal.MethodInvocationHelper.invokeMethod(MethodInvocationHelper.java:86)
	at org.testng.internal.Invoker.invokeMethod(Invoker.java:643)
	at org.testng.internal.Invoker.invokeTestMethod(Invoker.java:820)
	at org.testng.internal.Invoker.invokeTestMethods(Invoker.java:1128)
	at org.testng.internal.TestMethodWorker.invokeTestMethods(TestMethodWorker.java:129)
	at org.testng.internal.TestMethodWorker.run(TestMethodWorker.java:112)
	at org.testng.TestRunner.privateRun(TestRunner.java:782)
	at org.testng.TestRunner.run(TestRunner.java:632)
	at org.testng.SuiteRunner.runTest(SuiteRunner.java:366)
	at org.testng.SuiteRunner.runSequentially(SuiteRunner.java:361)
	at org.testng.SuiteRunner.privateRun(SuiteRunner.java:319)
	at org.testng.SuiteRunner.run(SuiteRunner.java:268)
	at org.testng.SuiteRunnerWorker.runSuite(SuiteRunnerWorker.java:52)
	at org.testng.SuiteRunnerWorker.run(SuiteRunnerWorker.java:86)
	at org.testng.TestNG.runSuitesSequentially(TestNG.java:1244)
	at org.testng.TestNG.runSuitesLocally(TestNG.java:1169)
	at org.testng.TestNG.run(TestNG.java:1064)
	at org.testng.remote.AbstractRemoteTestNG.run(AbstractRemoteTestNG.java:114)
	at org.testng.remote.RemoteTestNG.initAndRun(RemoteTestNG.java:251)
	at org.testng.remote.RemoteTestNG.main(RemoteTestNG.java:77)
]]>
    </failure>
  </testcase> <!-- checkSalesInvoiceVoucherLinewiseConsumingForBatchItem -->
  <testcase name="checkSalesInvoiceVoucherToCheckLinkPopUpScreenWithCRTlPlusL" time="28.203" classname="com.focus.testcases.SalesInvoiceVATVoucherTest"/>
  <testcase name="checkSuspendOptionInSalesInvoiceEntryPage" time="1.969" classname="com.focus.testcases.SalesInvoiceVATVoucherTest"/>
  <testcase name="checkSavingSalesReturnsVoucherWithConvertOptions" time="20.696" classname="com.focus.testcases.SalesInvoiceVATVoucherTest"/>
  <testcase name="checkSalesInvoiceVoucherLinewiseConsumingForStockItem" time="20.615" classname="com.focus.testcases.SalesInvoiceVATVoucherTest"/>
  <testcase name="checkSearchingofVendorandItemsListusingAstricksigninSalesInvoiceVAT" time="5.417" classname="com.focus.testcases.SalesInvoiceVATVoucherTest"/>
  <testcase name="checkVerifingDetailsOfSavedSalesReturnsVoucherInHomepage" time="3.059" classname="com.focus.testcases.SalesInvoiceVATVoucherTest"/>
  <testcase name="checkSearchingCustomerandItemsListwithoutAstrickSigninSalesInvoiceVAT" time="109.958" classname="com.focus.testcases.SalesInvoiceVATVoucherTest"/>
</testsuite> <!-- com.focus.testcases.SalesInvoiceVATVoucherTest -->
