<?xml version="1.0" encoding="UTF-8"?>
<!-- Generated by org.testng.reporters.JUnitReportReporter -->
<testsuite hostname="FOCUS-QA-10" name="com.focus.testcases.DocumentCustomizationTest" tests="32" failures="1" timestamp="3 Jan 2023 14:38:02 GMT" time="333.520" errors="3">
  <testcase name="checkEditingTriggerInTrialVoucherUpdate" time="7.489" classname="com.focus.testcases.DocumentCustomizationTest"/>
  <testcase name="checkEditingPurchaseVoucherDocumentAndUpdate" time="1.368" classname="com.focus.testcases.DocumentCustomizationTest"/>
  <testcase name="checkEditingRuleInTrialVoucherUpdate" time="11.534" classname="com.focus.testcases.DocumentCustomizationTest">
    <failure type="java.lang.AssertionError" message="expected [true] but found [false]">
      <![CDATA[java.lang.AssertionError: expected [true] but found [false]
	at org.testng.Assert.fail(Assert.java:94)
	at org.testng.Assert.failNotEquals(Assert.java:513)
	at org.testng.Assert.assertEqualsImpl(Assert.java:135)
	at org.testng.Assert.assertEquals(Assert.java:116)
	at org.testng.Assert.assertEquals(Assert.java:305)
	at org.testng.Assert.assertEquals(Assert.java:315)
	at com.focus.testcases.DocumentCustomizationTest.checkEditingRuleInTrialVoucherUpdate(DocumentCustomizationTest.java:243)
	at sun.reflect.NativeMethodAccessorImpl.invoke0(Native Method)
	at sun.reflect.NativeMethodAccessorImpl.invoke(Unknown Source)
	at sun.reflect.DelegatingMethodAccessorImpl.invoke(Unknown Source)
	at java.lang.reflect.Method.invoke(Unknown Source)
	at org.testng.internal.MethodInvocationHelper.invokeMethod(MethodInvocationHelper.java:86)
	at org.testng.internal.Invoker.invokeMethod(Invoker.java:643)
	at org.testng.internal.Invoker.invokeTestMethod(Invoker.java:820)
	at org.testng.internal.Invoker.invokeTestMethods(Invoker.java:1128)
	at org.testng.internal.TestMethodWorker.invokeTestMethods(TestMethodWorker.java:129)
	at org.testng.internal.TestMethodWorker.run(TestMethodWorker.java:112)
	at org.testng.TestRunner.privateRun(TestRunner.java:782)
	at org.testng.TestRunner.run(TestRunner.java:632)
	at org.testng.SuiteRunner.runTest(SuiteRunner.java:366)
	at org.testng.SuiteRunner.runSequentially(SuiteRunner.java:361)
	at org.testng.SuiteRunner.privateRun(SuiteRunner.java:319)
	at org.testng.SuiteRunner.run(SuiteRunner.java:268)
	at org.testng.SuiteRunnerWorker.runSuite(SuiteRunnerWorker.java:52)
	at org.testng.SuiteRunnerWorker.run(SuiteRunnerWorker.java:86)
	at org.testng.TestNG.runSuitesSequentially(TestNG.java:1244)
	at org.testng.TestNG.runSuitesLocally(TestNG.java:1169)
	at org.testng.TestNG.run(TestNG.java:1064)
	at org.testng.remote.AbstractRemoteTestNG.run(AbstractRemoteTestNG.java:114)
	at org.testng.remote.RemoteTestNG.initAndRun(RemoteTestNG.java:251)
	at org.testng.remote.RemoteTestNG.main(RemoteTestNG.java:77)
]]>
    </failure>
  </testcase> <!-- checkEditingRuleInTrialVoucherUpdate -->
  <testcase name="checkAddFieldInEditScreenBodyInTrialPurchaseUpdate" time="11.453" classname="com.focus.testcases.DocumentCustomizationTest"/>
  <testcase name="checkEditFieldInEditLayoutBodyInTrialPurchaseUpdate" time="3.356" classname="com.focus.testcases.DocumentCustomizationTest"/>
  <testcase name="checkDeleteFieldInEditScreenFooterInTrialPurchaseUpdate" time="2.449" classname="com.focus.testcases.DocumentCustomizationTest"/>
  <testcase name="checkSavingDocumentCustomizationPurchaseVoucherDocumentsTabAndVerify" time="25.392" classname="com.focus.testcases.DocumentCustomizationTest"/>
  <testcase name="checkEditFieldInEditScreenBodyInTrialPurchaseUpdate" time="1.914" classname="com.focus.testcases.DocumentCustomizationTest"/>
  <testcase name="checkAddFieldInEditScreenFooterInTrialPurchaseUpdate" time="7.168" classname="com.focus.testcases.DocumentCustomizationTest"/>
  <testcase name="checkSavingRuleInTrialVoucherUpdate" time="42.859" classname="com.focus.testcases.DocumentCustomizationTest">
    <error type="org.openqa.selenium.TimeoutException" message="Expected condition failed: waiting for element to be clickable: [[ChromeDriver: chrome on WINDOWS (d0e401eb28c47e6479976eb4e1bd8c9d)] -&gt; xpath: //input[@class=&#039;btn btn-link&#039;]] (tried for 40 second(s) with 5000 milliseconds interval)
Build info: version: &#039;3.12.0&#039;, revision: &#039;7c6e0b3&#039;, time: &#039;2018-05-08T14:04:26.12Z&#039;
System info: host: &#039;FOCUS-QA-10&#039;, ip: &#039;192.168.4.206&#039;, os.name: &#039;Windows 10&#039;, os.arch: &#039;amd64&#039;, os.version: &#039;10.0&#039;, java.version: &#039;1.8.0_111&#039;
Driver info: driver.version: unknown">
      <![CDATA[org.openqa.selenium.TimeoutException: Expected condition failed: waiting for element to be clickable: [[ChromeDriver: chrome on WINDOWS (d0e401eb28c47e6479976eb4e1bd8c9d)] -> xpath: //input[@class='btn btn-link']] (tried for 40 second(s) with 5000 milliseconds interval)
Build info: version: '3.12.0', revision: '7c6e0b3', time: '2018-05-08T14:04:26.12Z'
System info: host: 'FOCUS-QA-10', ip: '192.168.4.206', os.name: 'Windows 10', os.arch: 'amd64', os.version: '10.0', java.version: '1.8.0_111'
Driver info: driver.version: unknown
	at org.openqa.selenium.support.ui.FluentWait.timeoutException(FluentWait.java:303)
	at org.openqa.selenium.support.ui.FluentWait.until(FluentWait.java:271)
	at com.focus.Pages.DocumentCustomizationPage.checkSavingRuleInTrialVoucherUpdate(DocumentCustomizationPage.java:13370)
	at com.focus.testcases.DocumentCustomizationTest.checkSavingRuleInTrialVoucherUpdate(DocumentCustomizationTest.java:236)
	at sun.reflect.NativeMethodAccessorImpl.invoke0(Native Method)
	at sun.reflect.NativeMethodAccessorImpl.invoke(Unknown Source)
	at sun.reflect.DelegatingMethodAccessorImpl.invoke(Unknown Source)
	at java.lang.reflect.Method.invoke(Unknown Source)
	at org.testng.internal.MethodInvocationHelper.invokeMethod(MethodInvocationHelper.java:86)
	at org.testng.internal.Invoker.invokeMethod(Invoker.java:643)
	at org.testng.internal.Invoker.invokeTestMethod(Invoker.java:820)
	at org.testng.internal.Invoker.invokeTestMethods(Invoker.java:1128)
	at org.testng.internal.TestMethodWorker.invokeTestMethods(TestMethodWorker.java:129)
	at org.testng.internal.TestMethodWorker.run(TestMethodWorker.java:112)
	at org.testng.TestRunner.privateRun(TestRunner.java:782)
	at org.testng.TestRunner.run(TestRunner.java:632)
	at org.testng.SuiteRunner.runTest(SuiteRunner.java:366)
	at org.testng.SuiteRunner.runSequentially(SuiteRunner.java:361)
	at org.testng.SuiteRunner.privateRun(SuiteRunner.java:319)
	at org.testng.SuiteRunner.run(SuiteRunner.java:268)
	at org.testng.SuiteRunnerWorker.runSuite(SuiteRunnerWorker.java:52)
	at org.testng.SuiteRunnerWorker.run(SuiteRunnerWorker.java:86)
	at org.testng.TestNG.runSuitesSequentially(TestNG.java:1244)
	at org.testng.TestNG.runSuitesLocally(TestNG.java:1169)
	at org.testng.TestNG.run(TestNG.java:1064)
	at org.testng.remote.AbstractRemoteTestNG.run(AbstractRemoteTestNG.java:114)
	at org.testng.remote.RemoteTestNG.initAndRun(RemoteTestNG.java:251)
	at org.testng.remote.RemoteTestNG.main(RemoteTestNG.java:77)
]]>
    </error>
  </testcase> <!-- checkSavingRuleInTrialVoucherUpdate -->
  <testcase name="checkDeleteFieldInEditLayoutHeaderInTrialPurchaseUpdate" time="2.556" classname="com.focus.testcases.DocumentCustomizationTest"/>
  <testcase name="checkAddFieldInEditLayoutBodyInTrialPurchaseUpdate" time="5.129" classname="com.focus.testcases.DocumentCustomizationTest"/>
  <testcase name="checkUnSelectingApplyRateSchemesInInventoryOptionsTabInTrialPurchaseUpdate" time="5.349" classname="com.focus.testcases.DocumentCustomizationTest"/>
  <testcase name="checkEditingViewInTrialVoucherUpdate" time="2.345" classname="com.focus.testcases.DocumentCustomizationTest"/>
  <testcase name="checkEditingMiscellaneousTabInPurchaseVoucher" time="3.233" classname="com.focus.testcases.DocumentCustomizationTest"/>
  <testcase name="checkUpdatingMiscellaneousTabInPurchaseVoucher" time="6.480" classname="com.focus.testcases.DocumentCustomizationTest"/>
  <testcase name="checkDeleteFieldInEditScreenBodyInTrialPurchaseUpdate" time="2.542" classname="com.focus.testcases.DocumentCustomizationTest"/>
  <testcase name="checkSavingDocumentNumberingInTrialVoucherUpdate" time="4.503" classname="com.focus.testcases.DocumentCustomizationTest"/>
  <testcase name="checkSavingViewInTrialVoucherUpdate" time="14.135" classname="com.focus.testcases.DocumentCustomizationTest"/>
  <testcase name="checkEditingDocumentNumberingInTrialVoucherUpdate" time="1.028" classname="com.focus.testcases.DocumentCustomizationTest"/>
  <testcase name="checkSelectingApplyRateSchemesInInventoryOptionsTabInTrialPurchaseUpdate" time="5.555" classname="com.focus.testcases.DocumentCustomizationTest"/>
  <testcase name="checkDeleteFieldInEditLayoutBodyInTrialPurchaseUpdate" time="2.429" classname="com.focus.testcases.DocumentCustomizationTest"/>
  <testcase name="checkDeletingDocumentNumberingInTrialVoucherUpdate" time="0.933" classname="com.focus.testcases.DocumentCustomizationTest"/>
  <testcase name="checkCreatingNewVoucherPurchaseVoucheVAT" time="81.023" classname="com.focus.testcases.DocumentCustomizationTest"/>
  <testcase name="checkDeletingViewInTrialVoucherUpdate" time="0.962" classname="com.focus.testcases.DocumentCustomizationTest"/>
  <testcase name="checkEditFieldInEditScreenFooterInTrialPurchaseUpdate" time="1.912" classname="com.focus.testcases.DocumentCustomizationTest"/>
  <testcase name="checkDeletingTriggerInTrialVoucherUpdate" time="7.671" classname="com.focus.testcases.DocumentCustomizationTest"/>
  <testcase name="checkEditFieldInEditLayoutHeaderInTrialPurchaseUpdate" time="1.546" classname="com.focus.testcases.DocumentCustomizationTest"/>
  <testcase name="checkAddFieldInEditLayoutHeaderInTrialPurchaseUpdate" time="6.886" classname="com.focus.testcases.DocumentCustomizationTest"/>
  <testcase name="checkSavingTriggerInTrialVoucherUpdate" time="12.389" classname="com.focus.testcases.DocumentCustomizationTest">
    <error type="org.openqa.selenium.ElementClickInterceptedException" message="element click intercepted: Element &lt;span onclick=&quot;CONFIGURETRANS.TRIGGERS.saveTrigger(this, event);&quot; class=&quot;theme_button_color&quot;&gt;...&lt;/span&gt; is not clickable at point (1315, 101). Other element would receive the click: &lt;body class=&quot;custom_scrollbar&quot; onscroll=&quot;mainScroll(this, event);&quot; onkeydown=&quot;return onBodyKeyDown(this, event);&quot; data-version=&quot;0&quot; style=&quot;&quot;&gt;...&lt;/body&gt;
  (Session info: chrome=108.0.5359.125)
Build info: version: &#039;3.12.0&#039;, revision: &#039;7c6e0b3&#039;, time: &#039;2018-05-08T14:04:26.12Z&#039;
System info: host: &#039;FOCUS-QA-10&#039;, ip: &#039;192.168.4.206&#039;, os.name: &#039;Windows 10&#039;, os.arch: &#039;amd64&#039;, os.version: &#039;10.0&#039;, java.version: &#039;1.8.0_111&#039;
Driver info: org.openqa.selenium.chrome.ChromeDriver
Capabilities {acceptInsecureCerts: false, browserName: chrome, browserVersion: 108.0.5359.125, chrome: {chromedriverVersion: 108.0.5359.71 (1e0e3868ee06..., userDataDir: C:\Users\Rakesh\AppData\Loc...}, goog:chromeOptions: {debuggerAddress: localhost:58550}, javascriptEnabled: true, networkConnectionEnabled: false, pageLoadStrategy: normal, platform: WINDOWS, platformName: WINDOWS, proxy: Proxy(), setWindowRect: true, strictFileInteractability: false, timeouts: {implicit: 0, pageLoad: 300000, script: 30000}, unhandledPromptBehavior: dismiss and notify, webauthn:extension:credBlob: true, webauthn:extension:largeBlob: true, webauthn:virtualAuthenticators: true}
Session ID: d0e401eb28c47e6479976eb4e1bd8c9d">
      <![CDATA[org.openqa.selenium.ElementClickInterceptedException: element click intercepted: Element <span onclick="CONFIGURETRANS.TRIGGERS.saveTrigger(this, event);" class="theme_button_color">...</span> is not clickable at point (1315, 101). Other element would receive the click: <body class="custom_scrollbar" onscroll="mainScroll(this, event);" onkeydown="return onBodyKeyDown(this, event);" data-version="0" style="">...</body>
  (Session info: chrome=108.0.5359.125)
Build info: version: '3.12.0', revision: '7c6e0b3', time: '2018-05-08T14:04:26.12Z'
System info: host: 'FOCUS-QA-10', ip: '192.168.4.206', os.name: 'Windows 10', os.arch: 'amd64', os.version: '10.0', java.version: '1.8.0_111'
Driver info: org.openqa.selenium.chrome.ChromeDriver
Capabilities {acceptInsecureCerts: false, browserName: chrome, browserVersion: 108.0.5359.125, chrome: {chromedriverVersion: 108.0.5359.71 (1e0e3868ee06..., userDataDir: C:\Users\Rakesh\AppData\Loc...}, goog:chromeOptions: {debuggerAddress: localhost:58550}, javascriptEnabled: true, networkConnectionEnabled: false, pageLoadStrategy: normal, platform: WINDOWS, platformName: WINDOWS, proxy: Proxy(), setWindowRect: true, strictFileInteractability: false, timeouts: {implicit: 0, pageLoad: 300000, script: 30000}, unhandledPromptBehavior: dismiss and notify, webauthn:extension:credBlob: true, webauthn:extension:largeBlob: true, webauthn:virtualAuthenticators: true}
Session ID: d0e401eb28c47e6479976eb4e1bd8c9d
	at sun.reflect.NativeConstructorAccessorImpl.newInstance0(Native Method)
	at sun.reflect.NativeConstructorAccessorImpl.newInstance(Unknown Source)
	at sun.reflect.DelegatingConstructorAccessorImpl.newInstance(Unknown Source)
	at java.lang.reflect.Constructor.newInstance(Unknown Source)
	at org.openqa.selenium.remote.http.W3CHttpResponseCodec.createException(W3CHttpResponseCodec.java:187)
	at org.openqa.selenium.remote.http.W3CHttpResponseCodec.decode(W3CHttpResponseCodec.java:122)
	at org.openqa.selenium.remote.http.W3CHttpResponseCodec.decode(W3CHttpResponseCodec.java:49)
	at org.openqa.selenium.remote.HttpCommandExecutor.execute(HttpCommandExecutor.java:158)
	at org.openqa.selenium.remote.service.DriverCommandExecutor.execute(DriverCommandExecutor.java:83)
	at org.openqa.selenium.remote.RemoteWebDriver.execute(RemoteWebDriver.java:543)
	at org.openqa.selenium.remote.RemoteWebElement.execute(RemoteWebElement.java:276)
	at org.openqa.selenium.remote.RemoteWebElement.click(RemoteWebElement.java:83)
	at sun.reflect.GeneratedMethodAccessor3.invoke(Unknown Source)
	at sun.reflect.DelegatingMethodAccessorImpl.invoke(Unknown Source)
	at java.lang.reflect.Method.invoke(Unknown Source)
	at org.openqa.selenium.support.pagefactory.internal.LocatingElementHandler.invoke(LocatingElementHandler.java:51)
	at com.sun.proxy.$Proxy12.click(Unknown Source)
	at com.focus.Pages.DocumentCustomizationPage.checkSavingTriggerInTrialVoucherUpdate(DocumentCustomizationPage.java:13003)
	at com.focus.testcases.DocumentCustomizationTest.checkSavingTriggerInTrialVoucherUpdate(DocumentCustomizationTest.java:187)
	at sun.reflect.NativeMethodAccessorImpl.invoke0(Native Method)
	at sun.reflect.NativeMethodAccessorImpl.invoke(Unknown Source)
	at sun.reflect.DelegatingMethodAccessorImpl.invoke(Unknown Source)
	at java.lang.reflect.Method.invoke(Unknown Source)
	at org.testng.internal.MethodInvocationHelper.invokeMethod(MethodInvocationHelper.java:86)
	at org.testng.internal.Invoker.invokeMethod(Invoker.java:643)
	at org.testng.internal.Invoker.invokeTestMethod(Invoker.java:820)
	at org.testng.internal.Invoker.invokeTestMethods(Invoker.java:1128)
	at org.testng.internal.TestMethodWorker.invokeTestMethods(TestMethodWorker.java:129)
	at org.testng.internal.TestMethodWorker.run(TestMethodWorker.java:112)
	at org.testng.TestRunner.privateRun(TestRunner.java:782)
	at org.testng.TestRunner.run(TestRunner.java:632)
	at org.testng.SuiteRunner.runTest(SuiteRunner.java:366)
	at org.testng.SuiteRunner.runSequentially(SuiteRunner.java:361)
	at org.testng.SuiteRunner.privateRun(SuiteRunner.java:319)
	at org.testng.SuiteRunner.run(SuiteRunner.java:268)
	at org.testng.SuiteRunnerWorker.runSuite(SuiteRunnerWorker.java:52)
	at org.testng.SuiteRunnerWorker.run(SuiteRunnerWorker.java:86)
	at org.testng.TestNG.runSuitesSequentially(TestNG.java:1244)
	at org.testng.TestNG.runSuitesLocally(TestNG.java:1169)
	at org.testng.TestNG.run(TestNG.java:1064)
	at org.testng.remote.AbstractRemoteTestNG.run(AbstractRemoteTestNG.java:114)
	at org.testng.remote.RemoteTestNG.initAndRun(RemoteTestNG.java:251)
	at org.testng.remote.RemoteTestNG.main(RemoteTestNG.java:77)
]]>
    </error>
  </testcase> <!-- checkSavingTriggerInTrialVoucherUpdate -->
  <testcase name="checkDeletingRuleInTrialVoucherUpdate" time="45.700" classname="com.focus.testcases.DocumentCustomizationTest">
    <error type="org.openqa.selenium.TimeoutException" message="Expected condition failed: waiting for element to be clickable: [[ChromeDriver: chrome on WINDOWS (d0e401eb28c47e6479976eb4e1bd8c9d)] -&gt; xpath: //*[@id=&#039;DeleteRule_Modal_DocCustRules&#039;]/div/div/div[3]/button[1]] (tried for 40 second(s) with 5000 milliseconds interval)
Build info: version: &#039;3.12.0&#039;, revision: &#039;7c6e0b3&#039;, time: &#039;2018-05-08T14:04:26.12Z&#039;
System info: host: &#039;FOCUS-QA-10&#039;, ip: &#039;192.168.4.206&#039;, os.name: &#039;Windows 10&#039;, os.arch: &#039;amd64&#039;, os.version: &#039;10.0&#039;, java.version: &#039;1.8.0_111&#039;
Driver info: driver.version: unknown">
      <![CDATA[org.openqa.selenium.TimeoutException: Expected condition failed: waiting for element to be clickable: [[ChromeDriver: chrome on WINDOWS (d0e401eb28c47e6479976eb4e1bd8c9d)] -> xpath: //*[@id='DeleteRule_Modal_DocCustRules']/div/div/div[3]/button[1]] (tried for 40 second(s) with 5000 milliseconds interval)
Build info: version: '3.12.0', revision: '7c6e0b3', time: '2018-05-08T14:04:26.12Z'
System info: host: 'FOCUS-QA-10', ip: '192.168.4.206', os.name: 'Windows 10', os.arch: 'amd64', os.version: '10.0', java.version: '1.8.0_111'
Driver info: driver.version: unknown
	at org.openqa.selenium.support.ui.FluentWait.timeoutException(FluentWait.java:303)
	at org.openqa.selenium.support.ui.FluentWait.until(FluentWait.java:271)
	at com.focus.Pages.DocumentCustomizationPage.checkDeletingRuleInTrialVoucherUpdate(DocumentCustomizationPage.java:13494)
	at com.focus.testcases.DocumentCustomizationTest.checkDeletingRuleInTrialVoucherUpdate(DocumentCustomizationTest.java:250)
	at sun.reflect.NativeMethodAccessorImpl.invoke0(Native Method)
	at sun.reflect.NativeMethodAccessorImpl.invoke(Unknown Source)
	at sun.reflect.DelegatingMethodAccessorImpl.invoke(Unknown Source)
	at java.lang.reflect.Method.invoke(Unknown Source)
	at org.testng.internal.MethodInvocationHelper.invokeMethod(MethodInvocationHelper.java:86)
	at org.testng.internal.Invoker.invokeMethod(Invoker.java:643)
	at org.testng.internal.Invoker.invokeTestMethod(Invoker.java:820)
	at org.testng.internal.Invoker.invokeTestMethods(Invoker.java:1128)
	at org.testng.internal.TestMethodWorker.invokeTestMethods(TestMethodWorker.java:129)
	at org.testng.internal.TestMethodWorker.run(TestMethodWorker.java:112)
	at org.testng.TestRunner.privateRun(TestRunner.java:782)
	at org.testng.TestRunner.run(TestRunner.java:632)
	at org.testng.SuiteRunner.runTest(SuiteRunner.java:366)
	at org.testng.SuiteRunner.runSequentially(SuiteRunner.java:361)
	at org.testng.SuiteRunner.privateRun(SuiteRunner.java:319)
	at org.testng.SuiteRunner.run(SuiteRunner.java:268)
	at org.testng.SuiteRunnerWorker.runSuite(SuiteRunnerWorker.java:52)
	at org.testng.SuiteRunnerWorker.run(SuiteRunnerWorker.java:86)
	at org.testng.TestNG.runSuitesSequentially(TestNG.java:1244)
	at org.testng.TestNG.runSuitesLocally(TestNG.java:1169)
	at org.testng.TestNG.run(TestNG.java:1064)
	at org.testng.remote.AbstractRemoteTestNG.run(AbstractRemoteTestNG.java:114)
	at org.testng.remote.RemoteTestNG.initAndRun(RemoteTestNG.java:251)
	at org.testng.remote.RemoteTestNG.main(RemoteTestNG.java:77)
]]>
    </error>
  </testcase> <!-- checkDeletingRuleInTrialVoucherUpdate -->
  <testcase name="checkDeletingTrialVoucherUpdate" time="4.232" classname="com.focus.testcases.DocumentCustomizationTest"/>
</testsuite> <!-- com.focus.testcases.DocumentCustomizationTest -->
