<?xml version="1.0" encoding="UTF-8"?>
<!-- Generated by org.testng.reporters.JUnitReportReporter -->
<testsuite hostname="FOCUS-QA-10" name="com.focus.testcases.WarehouseTest" tests="16" failures="1" timestamp="30 Dec 2022 15:39:00 GMT" time="272.930" errors="0">
  <testcase name="checkDeleteInWarehouseInWarehouseMaster" time="6.108" classname="com.focus.testcases.WarehouseTest"/>
  <testcase name="checkImportDatainAdvanceMasterImportExportWarehouse" time="13.910" classname="com.focus.testcases.WarehouseTest"/>
  <testcase name="checkSavingWarehouseSubGroupinWarehouseMaster" time="12.774" classname="com.focus.testcases.WarehouseTest"/>
  <testcase name="checkDeleteGroupWarehouseinWarehouseMaster" time="20.989" classname="com.focus.testcases.WarehouseTest"/>
  <testcase name="checkEditingInSavedWarehouseINWarehouseMaster" time="2.048" classname="com.focus.testcases.WarehouseTest"/>
  <testcase name="checkCreatedGroupDisplayedonLeftPanel" time="0.071" classname="com.focus.testcases.WarehouseTest"/>
  <testcase name="checkSavingWarehousesinSubGroupsinWarehouseMaster" time="23.320" classname="com.focus.testcases.WarehouseTest"/>
  <testcase name="checkWarehousesSavedinGroupsandSubGroupsinWarehouseMaster" time="33.220" classname="com.focus.testcases.WarehouseTest"/>
  <testcase name="checkWarehouseMasterInMAsterMenu" time="7.447" classname="com.focus.testcases.WarehouseTest"/>
  <testcase name="checkImportedWarehouseDelete" time="29.820" classname="com.focus.testcases.WarehouseTest"/>
  <testcase name="checkSavingWarehouseInWarehouseMaster" time="83.457" classname="com.focus.testcases.WarehouseTest">
    <failure type="java.lang.AssertionError" message="expected [true] but found [false]">
      <![CDATA[java.lang.AssertionError: expected [true] but found [false]
	at org.testng.Assert.fail(Assert.java:94)
	at org.testng.Assert.failNotEquals(Assert.java:513)
	at org.testng.Assert.assertEqualsImpl(Assert.java:135)
	at org.testng.Assert.assertEquals(Assert.java:116)
	at org.testng.Assert.assertEquals(Assert.java:305)
	at org.testng.Assert.assertEquals(Assert.java:315)
	at com.focus.testcases.WarehouseTest.checkSavingWarehouseInWarehouseMaster(WarehouseTest.java:31)
	at sun.reflect.NativeMethodAccessorImpl.invoke0(Native Method)
	at sun.reflect.NativeMethodAccessorImpl.invoke(Unknown Source)
	at sun.reflect.DelegatingMethodAccessorImpl.invoke(Unknown Source)
	at java.lang.reflect.Method.invoke(Unknown Source)
	at org.testng.internal.MethodInvocationHelper.invokeMethod(MethodInvocationHelper.java:86)
	at org.testng.internal.Invoker.invokeMethod(Invoker.java:643)
	at org.testng.internal.Invoker.invokeTestMethod(Invoker.java:820)
	at org.testng.internal.Invoker.invokeTestMethods(Invoker.java:1128)
	at org.testng.internal.TestMethodWorker.invokeTestMethods(TestMethodWorker.java:129)
	at org.testng.internal.TestMethodWorker.run(TestMethodWorker.java:112)
	at org.testng.TestRunner.privateRun(TestRunner.java:782)
	at org.testng.TestRunner.run(TestRunner.java:632)
	at org.testng.SuiteRunner.runTest(SuiteRunner.java:366)
	at org.testng.SuiteRunner.runSequentially(SuiteRunner.java:361)
	at org.testng.SuiteRunner.privateRun(SuiteRunner.java:319)
	at org.testng.SuiteRunner.run(SuiteRunner.java:268)
	at org.testng.SuiteRunnerWorker.runSuite(SuiteRunnerWorker.java:52)
	at org.testng.SuiteRunnerWorker.run(SuiteRunnerWorker.java:86)
	at org.testng.TestNG.runSuitesSequentially(TestNG.java:1244)
	at org.testng.TestNG.runSuitesLocally(TestNG.java:1169)
	at org.testng.TestNG.run(TestNG.java:1064)
	at org.testng.remote.AbstractRemoteTestNG.run(AbstractRemoteTestNG.java:114)
	at org.testng.remote.RemoteTestNG.initAndRun(RemoteTestNG.java:251)
	at org.testng.remote.RemoteTestNG.main(RemoteTestNG.java:77)
]]>
    </failure>
  </testcase> <!-- checkSavingWarehouseInWarehouseMaster -->
  <testcase name="checkAdvanceMasterImportExportWarehouse" time="4.376" classname="com.focus.testcases.WarehouseTest"/>
  <testcase name="checkSavingWarehouseGroupinWarehouseMaster" time="14.150" classname="com.focus.testcases.WarehouseTest"/>
  <testcase name="checkWarehouseListBeforeImportingDataFromExcel" time="9.592" classname="com.focus.testcases.WarehouseTest"/>
  <testcase name="checkUpdatedWarehouseMasterDisplayInWarehouse" time="0.089" classname="com.focus.testcases.WarehouseTest"/>
  <testcase name="checkWarehouseListAfterImportingDataFromExcel" time="11.559" classname="com.focus.testcases.WarehouseTest"/>
</testsuite> <!-- com.focus.testcases.WarehouseTest -->
