<?xml version="1.0" encoding="UTF-8"?>
<!-- Generated by org.testng.reporters.JUnitReportReporter -->
<testsuite hostname="FOCUS-QA-10" name="com.focus.testcases.MasterPreloadTest" tests="16" failures="2" timestamp="4 Jan 2023 08:04:22 GMT" time="282.691" errors="0">
  <testcase name="checkAddingFieldsInEditLayoutBodyTabAsCostCenterBodyInPurchaseVoucher" time="26.287" classname="com.focus.testcases.MasterPreloadTest"/>
  <testcase name="CheckSavingPurchaseVoucherVATWithStockItemAndSTDRateItem" time="44.276" classname="com.focus.testcases.MasterPreloadTest">
    <failure type="java.lang.AssertionError" message="expected [true] but found [false]">
      <![CDATA[java.lang.AssertionError: expected [true] but found [false]
	at org.testng.Assert.fail(Assert.java:94)
	at org.testng.Assert.failNotEquals(Assert.java:513)
	at org.testng.Assert.assertEqualsImpl(Assert.java:135)
	at org.testng.Assert.assertEquals(Assert.java:116)
	at org.testng.Assert.assertEquals(Assert.java:305)
	at org.testng.Assert.assertEquals(Assert.java:315)
	at com.focus.testcases.MasterPreloadTest.CheckSavingPurchaseVoucherVATWithStockItemAndSTDRateItem(MasterPreloadTest.java:66)
	at sun.reflect.NativeMethodAccessorImpl.invoke0(Native Method)
	at sun.reflect.NativeMethodAccessorImpl.invoke(Unknown Source)
	at sun.reflect.DelegatingMethodAccessorImpl.invoke(Unknown Source)
	at java.lang.reflect.Method.invoke(Unknown Source)
	at org.testng.internal.MethodInvocationHelper.invokeMethod(MethodInvocationHelper.java:86)
	at org.testng.internal.Invoker.invokeMethod(Invoker.java:643)
	at org.testng.internal.Invoker.invokeTestMethod(Invoker.java:820)
	at org.testng.internal.Invoker.invokeTestMethods(Invoker.java:1128)
	at org.testng.internal.TestMethodWorker.invokeTestMethods(TestMethodWorker.java:129)
	at org.testng.internal.TestMethodWorker.run(TestMethodWorker.java:112)
	at org.testng.TestRunner.privateRun(TestRunner.java:782)
	at org.testng.TestRunner.run(TestRunner.java:632)
	at org.testng.SuiteRunner.runTest(SuiteRunner.java:366)
	at org.testng.SuiteRunner.runSequentially(SuiteRunner.java:361)
	at org.testng.SuiteRunner.privateRun(SuiteRunner.java:319)
	at org.testng.SuiteRunner.run(SuiteRunner.java:268)
	at org.testng.SuiteRunnerWorker.runSuite(SuiteRunnerWorker.java:52)
	at org.testng.SuiteRunnerWorker.run(SuiteRunnerWorker.java:86)
	at org.testng.TestNG.runSuitesSequentially(TestNG.java:1244)
	at org.testng.TestNG.runSuitesLocally(TestNG.java:1169)
	at org.testng.TestNG.run(TestNG.java:1064)
	at org.testng.remote.AbstractRemoteTestNG.run(AbstractRemoteTestNG.java:114)
	at org.testng.remote.RemoteTestNG.initAndRun(RemoteTestNG.java:251)
	at org.testng.remote.RemoteTestNG.main(RemoteTestNG.java:77)
]]>
    </failure>
  </testcase> <!-- CheckSavingPurchaseVoucherVATWithStockItemAndSTDRateItem -->
  <testcase name="checkUpdatingItemRateCannotBeChangedForSalesInvoiceVAT" time="12.008" classname="com.focus.testcases.MasterPreloadTest"/>
  <testcase name="checkAssigningCostCenterToSTDRateItem" time="8.612" classname="com.focus.testcases.MasterPreloadTest"/>
  <testcase name="checkUpdatingItemRateCannotBeBelowCostForSalesInvoiceVAT" time="24.548" classname="com.focus.testcases.MasterPreloadTest"/>
  <testcase name="checkEraseAllTransactionsAfterCompletingAllValidations" time="6.715" classname="com.focus.testcases.MasterPreloadTest"/>
  <testcase name="checkValidatingCannotBeBelowCostDropdownAndSavingVoucher" time="28.491" classname="com.focus.testcases.MasterPreloadTest"/>
  <testcase name="checkAssigningCostCenterToStockItem" time="21.881" classname="com.focus.testcases.MasterPreloadTest"/>
  <testcase name="checkAddingExtraFieldInGeneralTabAsCostCenter" time="45.882" classname="com.focus.testcases.MasterPreloadTest"/>
  <testcase name="CheckEditingPurchaseVoucherVAT1WithStockItemAndSTDRateItem" time="26.333" classname="com.focus.testcases.MasterPreloadTest">
    <failure type="java.lang.AssertionError" message="expected [true] but found [false]">
      <![CDATA[java.lang.AssertionError: expected [true] but found [false]
	at org.testng.Assert.fail(Assert.java:94)
	at org.testng.Assert.failNotEquals(Assert.java:513)
	at org.testng.Assert.assertEqualsImpl(Assert.java:135)
	at org.testng.Assert.assertEquals(Assert.java:116)
	at org.testng.Assert.assertEquals(Assert.java:305)
	at org.testng.Assert.assertEquals(Assert.java:315)
	at com.focus.testcases.MasterPreloadTest.CheckEditingPurchaseVoucherVAT1WithStockItemAndSTDRateItem(MasterPreloadTest.java:80)
	at sun.reflect.NativeMethodAccessorImpl.invoke0(Native Method)
	at sun.reflect.NativeMethodAccessorImpl.invoke(Unknown Source)
	at sun.reflect.DelegatingMethodAccessorImpl.invoke(Unknown Source)
	at java.lang.reflect.Method.invoke(Unknown Source)
	at org.testng.internal.MethodInvocationHelper.invokeMethod(MethodInvocationHelper.java:86)
	at org.testng.internal.Invoker.invokeMethod(Invoker.java:643)
	at org.testng.internal.Invoker.invokeTestMethod(Invoker.java:820)
	at org.testng.internal.Invoker.invokeTestMethods(Invoker.java:1128)
	at org.testng.internal.TestMethodWorker.invokeTestMethods(TestMethodWorker.java:129)
	at org.testng.internal.TestMethodWorker.run(TestMethodWorker.java:112)
	at org.testng.TestRunner.privateRun(TestRunner.java:782)
	at org.testng.TestRunner.run(TestRunner.java:632)
	at org.testng.SuiteRunner.runTest(SuiteRunner.java:366)
	at org.testng.SuiteRunner.runSequentially(SuiteRunner.java:361)
	at org.testng.SuiteRunner.privateRun(SuiteRunner.java:319)
	at org.testng.SuiteRunner.run(SuiteRunner.java:268)
	at org.testng.SuiteRunnerWorker.runSuite(SuiteRunnerWorker.java:52)
	at org.testng.SuiteRunnerWorker.run(SuiteRunnerWorker.java:86)
	at org.testng.TestNG.runSuitesSequentially(TestNG.java:1244)
	at org.testng.TestNG.runSuitesLocally(TestNG.java:1169)
	at org.testng.TestNG.run(TestNG.java:1064)
	at org.testng.remote.AbstractRemoteTestNG.run(AbstractRemoteTestNG.java:114)
	at org.testng.remote.RemoteTestNG.initAndRun(RemoteTestNG.java:251)
	at org.testng.remote.RemoteTestNG.main(RemoteTestNG.java:77)
]]>
    </failure>
  </testcase> <!-- CheckEditingPurchaseVoucherVAT1WithStockItemAndSTDRateItem -->
  <testcase name="CheckCostCenterInSavedVoucherWithStockItemAndSTDRateItem" time="4.464" classname="com.focus.testcases.MasterPreloadTest"/>
  <testcase name="checkValidatingCannotBeChangedInSavedVoucher" time="3.598" classname="com.focus.testcases.MasterPreloadTest"/>
  <testcase name="checkCreatingCostCenterWithSTDRateCostCenter" time="4.945" classname="com.focus.testcases.MasterPreloadTest"/>
  <testcase name="checkUpdatingItemRateEditableForSalesInvoiceVAT" time="11.985" classname="com.focus.testcases.MasterPreloadTest"/>
  <testcase name="checkCreatingCostCenterWithStockCostCenter" time="12.069" classname="com.focus.testcases.MasterPreloadTest"/>
  <testcase name="checkSavedPVVATAfterEditingVoucher" time="0.597" classname="com.focus.testcases.MasterPreloadTest"/>
</testsuite> <!-- com.focus.testcases.MasterPreloadTest -->
