<?xml version="1.0" encoding="UTF-8"?>
<!-- Generated by org.testng.reporters.JUnitReportReporter -->
<testsuite hostname="FOCUS-QA-10" name="com.focus.testcases.SanityDocCustViewTest" tests="44" failures="2" timestamp="3 Jan 2023 14:38:02 GMT" time="818.668" errors="2">
  <testcase name="checkSelectingLoginNameandInputingStartingValueandNoofCharactersandCheckFooterValue" time="4.078" classname="com.focus.testcases.SanityDocCustViewTest"/>
  <testcase name="checkSelectingNameandInputingStartingValueandNoofCharactersandCheckFooterValue" time="4.033" classname="com.focus.testcases.SanityDocCustViewTest"/>
  <testcase name="checkDeleteAddedFieldsinEditScreenTab" time="24.107" classname="com.focus.testcases.SanityDocCustViewTest"/>
  <testcase name="checkFieldDetailsTabInputDefaultValueAndPropertiesOptionReadOnlyAndClickOnApplyInEditLayout" time="18.185" classname="com.focus.testcases.SanityDocCustViewTest"/>
  <testcase name="checkInputingCharacterInputInFourthRowAndCheckFooterValue" time="4.145" classname="com.focus.testcases.SanityDocCustViewTest"/>
  <testcase name="checkEditingInTriggersTabUnderPVVATView" time="37.669" classname="com.focus.testcases.SanityDocCustViewTest"/>
  <testcase name="checkCreatingRuleinRuleTAbUnderDocumentCustomization" time="52.023" classname="com.focus.testcases.SanityDocCustViewTest">
    <failure type="java.lang.AssertionError" message="expected [true] but found [false]">
      <![CDATA[java.lang.AssertionError: expected [true] but found [false]
	at org.testng.Assert.fail(Assert.java:94)
	at org.testng.Assert.failNotEquals(Assert.java:513)
	at org.testng.Assert.assertEqualsImpl(Assert.java:135)
	at org.testng.Assert.assertEquals(Assert.java:116)
	at org.testng.Assert.assertEquals(Assert.java:305)
	at org.testng.Assert.assertEquals(Assert.java:315)
	at com.focus.testcases.SanityDocCustViewTest.checkCreatingRuleinRuleTAbUnderDocumentCustomization(SanityDocCustViewTest.java:157)
	at sun.reflect.NativeMethodAccessorImpl.invoke0(Native Method)
	at sun.reflect.NativeMethodAccessorImpl.invoke(Unknown Source)
	at sun.reflect.DelegatingMethodAccessorImpl.invoke(Unknown Source)
	at java.lang.reflect.Method.invoke(Unknown Source)
	at org.testng.internal.MethodInvocationHelper.invokeMethod(MethodInvocationHelper.java:86)
	at org.testng.internal.Invoker.invokeMethod(Invoker.java:643)
	at org.testng.internal.Invoker.invokeTestMethod(Invoker.java:820)
	at org.testng.internal.Invoker.invokeTestMethods(Invoker.java:1128)
	at org.testng.internal.TestMethodWorker.invokeTestMethods(TestMethodWorker.java:129)
	at org.testng.internal.TestMethodWorker.run(TestMethodWorker.java:112)
	at org.testng.TestRunner.privateRun(TestRunner.java:782)
	at org.testng.TestRunner.run(TestRunner.java:632)
	at org.testng.SuiteRunner.runTest(SuiteRunner.java:366)
	at org.testng.SuiteRunner.runSequentially(SuiteRunner.java:361)
	at org.testng.SuiteRunner.privateRun(SuiteRunner.java:319)
	at org.testng.SuiteRunner.run(SuiteRunner.java:268)
	at org.testng.SuiteRunnerWorker.runSuite(SuiteRunnerWorker.java:52)
	at org.testng.SuiteRunnerWorker.run(SuiteRunnerWorker.java:86)
	at org.testng.TestNG.runSuitesSequentially(TestNG.java:1244)
	at org.testng.TestNG.runSuitesLocally(TestNG.java:1169)
	at org.testng.TestNG.run(TestNG.java:1064)
	at org.testng.remote.AbstractRemoteTestNG.run(AbstractRemoteTestNG.java:114)
	at org.testng.remote.RemoteTestNG.initAndRun(RemoteTestNG.java:251)
	at org.testng.remote.RemoteTestNG.main(RemoteTestNG.java:77)
]]>
    </failure>
  </testcase> <!-- checkCreatingRuleinRuleTAbUnderDocumentCustomization -->
  <testcase name="checkTypeDropdownValues" time="0.369" classname="com.focus.testcases.SanityDocCustViewTest"/>
  <testcase name="checkSaveTriggerWithRaiseDocumentOptionInTriggers" time="44.790" classname="com.focus.testcases.SanityDocCustViewTest"/>
  <testcase name="checkToggleExpansionINDocumentCustomizationVoucherScreen" time="7.466" classname="com.focus.testcases.SanityDocCustViewTest"/>
  <testcase name="checkLoadingValesinFieldsOnSelectingLoginInTypeDropDown" time="3.647" classname="com.focus.testcases.SanityDocCustViewTest"/>
  <testcase name="checkInputingCharacterInputInSecondRowAndCheckFooterValue" time="4.091" classname="com.focus.testcases.SanityDocCustViewTest"/>
  <testcase name="checkDeleteinCreatedViewInViewTab" time="38.551" classname="com.focus.testcases.SanityDocCustViewTest"/>
  <testcase name="checkCreatedVoucherInventoryTabInDocumentCustoimization" time="12.133" classname="com.focus.testcases.SanityDocCustViewTest"/>
  <testcase name="checkCreatingViewInViewTab" time="32.153" classname="com.focus.testcases.SanityDocCustViewTest"/>
  <testcase name="checkCreatingNewFieldsinEditScreenTabatDifferentPositions" time="29.137" classname="com.focus.testcases.SanityDocCustViewTest"/>
  <testcase name="checkLogoutUserDocumentCustOptions" time="6.515" classname="com.focus.testcases.SanityDocCustViewTest"/>
  <testcase name="checkSavedFieldsinPvVatViewVoucherDocumentNUmberingTab" time="21.053" classname="com.focus.testcases.SanityDocCustViewTest"/>
  <testcase name="checkInputingIncrementInTypeColumnInFifthRowAndCheckFooterValue" time="4.300" classname="com.focus.testcases.SanityDocCustViewTest"/>
  <testcase name="checkRaiseDocumentOptionInTriggers" time="17.074" classname="com.focus.testcases.SanityDocCustViewTest"/>
  <testcase name="checkCreatedViewFieldsatVoucherLevel" time="17.446" classname="com.focus.testcases.SanityDocCustViewTest">
    <failure type="java.lang.AssertionError" message="expected [true] but found [false]">
      <![CDATA[java.lang.AssertionError: expected [true] but found [false]
	at org.testng.Assert.fail(Assert.java:94)
	at org.testng.Assert.failNotEquals(Assert.java:513)
	at org.testng.Assert.assertEqualsImpl(Assert.java:135)
	at org.testng.Assert.assertEquals(Assert.java:116)
	at org.testng.Assert.assertEquals(Assert.java:305)
	at org.testng.Assert.assertEquals(Assert.java:315)
	at com.focus.testcases.SanityDocCustViewTest.checkCreatedViewFieldsatVoucherLevel(SanityDocCustViewTest.java:518)
	at sun.reflect.NativeMethodAccessorImpl.invoke0(Native Method)
	at sun.reflect.NativeMethodAccessorImpl.invoke(Unknown Source)
	at sun.reflect.DelegatingMethodAccessorImpl.invoke(Unknown Source)
	at java.lang.reflect.Method.invoke(Unknown Source)
	at org.testng.internal.MethodInvocationHelper.invokeMethod(MethodInvocationHelper.java:86)
	at org.testng.internal.Invoker.invokeMethod(Invoker.java:643)
	at org.testng.internal.Invoker.invokeTestMethod(Invoker.java:820)
	at org.testng.internal.Invoker.invokeTestMethods(Invoker.java:1128)
	at org.testng.internal.TestMethodWorker.invokeTestMethods(TestMethodWorker.java:129)
	at org.testng.internal.TestMethodWorker.run(TestMethodWorker.java:112)
	at org.testng.TestRunner.privateRun(TestRunner.java:782)
	at org.testng.TestRunner.run(TestRunner.java:632)
	at org.testng.SuiteRunner.runTest(SuiteRunner.java:366)
	at org.testng.SuiteRunner.runSequentially(SuiteRunner.java:361)
	at org.testng.SuiteRunner.privateRun(SuiteRunner.java:319)
	at org.testng.SuiteRunner.run(SuiteRunner.java:268)
	at org.testng.SuiteRunnerWorker.runSuite(SuiteRunnerWorker.java:52)
	at org.testng.SuiteRunnerWorker.run(SuiteRunnerWorker.java:86)
	at org.testng.TestNG.runSuitesSequentially(TestNG.java:1244)
	at org.testng.TestNG.runSuitesLocally(TestNG.java:1169)
	at org.testng.TestNG.run(TestNG.java:1064)
	at org.testng.remote.AbstractRemoteTestNG.run(AbstractRemoteTestNG.java:114)
	at org.testng.remote.RemoteTestNG.initAndRun(RemoteTestNG.java:251)
	at org.testng.remote.RemoteTestNG.main(RemoteTestNG.java:77)
]]>
    </failure>
  </testcase> <!-- checkCreatedViewFieldsatVoucherLevel -->
  <testcase name="checkRuleTabInDocumentCustomization" time="99.730" classname="com.focus.testcases.SanityDocCustViewTest">
    <error type="org.openqa.selenium.TimeoutException" message="Expected condition failed: waiting for element to be clickable: Proxy element for: DefaultElementLocator &#039;By.xpath: //input[@class=&#039;btn btn-link&#039;]&#039; (tried for 40 second(s) with 5000 milliseconds interval)">
      <![CDATA[org.openqa.selenium.TimeoutException: Expected condition failed: waiting for element to be clickable: Proxy element for: DefaultElementLocator 'By.xpath: //input[@class='btn btn-link']' (tried for 40 second(s) with 5000 milliseconds interval)
	at org.openqa.selenium.support.ui.FluentWait.timeoutException(FluentWait.java:303)
	at org.openqa.selenium.support.ui.FluentWait.until(FluentWait.java:271)
	at com.focus.Pages.SanityDocCustViewPage.checkRuleTabInDocumentCustomization(SanityDocCustViewPage.java:8994)
	at com.focus.testcases.SanityDocCustViewTest.checkRuleTabInDocumentCustomization(SanityDocCustViewTest.java:143)
	at sun.reflect.NativeMethodAccessorImpl.invoke0(Native Method)
	at sun.reflect.NativeMethodAccessorImpl.invoke(Unknown Source)
	at sun.reflect.DelegatingMethodAccessorImpl.invoke(Unknown Source)
	at java.lang.reflect.Method.invoke(Unknown Source)
	at org.testng.internal.MethodInvocationHelper.invokeMethod(MethodInvocationHelper.java:86)
	at org.testng.internal.Invoker.invokeMethod(Invoker.java:643)
	at org.testng.internal.Invoker.invokeTestMethod(Invoker.java:820)
	at org.testng.internal.Invoker.invokeTestMethods(Invoker.java:1128)
	at org.testng.internal.TestMethodWorker.invokeTestMethods(TestMethodWorker.java:129)
	at org.testng.internal.TestMethodWorker.run(TestMethodWorker.java:112)
	at org.testng.TestRunner.privateRun(TestRunner.java:782)
	at org.testng.TestRunner.run(TestRunner.java:632)
	at org.testng.SuiteRunner.runTest(SuiteRunner.java:366)
	at org.testng.SuiteRunner.runSequentially(SuiteRunner.java:361)
	at org.testng.SuiteRunner.privateRun(SuiteRunner.java:319)
	at org.testng.SuiteRunner.run(SuiteRunner.java:268)
	at org.testng.SuiteRunnerWorker.runSuite(SuiteRunnerWorker.java:52)
	at org.testng.SuiteRunnerWorker.run(SuiteRunnerWorker.java:86)
	at org.testng.TestNG.runSuitesSequentially(TestNG.java:1244)
	at org.testng.TestNG.runSuitesLocally(TestNG.java:1169)
	at org.testng.TestNG.run(TestNG.java:1064)
	at org.testng.remote.AbstractRemoteTestNG.run(AbstractRemoteTestNG.java:114)
	at org.testng.remote.RemoteTestNG.initAndRun(RemoteTestNG.java:251)
	at org.testng.remote.RemoteTestNG.main(RemoteTestNG.java:77)
Caused by: org.openqa.selenium.NoSuchElementException: no such element: Unable to locate element: {"method":"xpath","selector":"//input[@class='btn btn-link']"}
  (Session info: chrome=108.0.5359.125)
For documentation on this error, please visit: http://seleniumhq.org/exceptions/no_such_element.html
Build info: version: '3.12.0', revision: '7c6e0b3', time: '2018-05-08T14:04:26.12Z'
System info: host: 'FOCUS-QA-10', ip: '192.168.4.206', os.name: 'Windows 10', os.arch: 'amd64', os.version: '10.0', java.version: '1.8.0_111'
Driver info: org.openqa.selenium.chrome.ChromeDriver
Capabilities {acceptInsecureCerts: false, browserName: chrome, browserVersion: 108.0.5359.125, chrome: {chromedriverVersion: 108.0.5359.71 (1e0e3868ee06..., userDataDir: C:\Users\Rakesh\AppData\Loc...}, goog:chromeOptions: {debuggerAddress: localhost:58550}, javascriptEnabled: true, networkConnectionEnabled: false, pageLoadStrategy: normal, platform: WINDOWS, platformName: WINDOWS, proxy: Proxy(), setWindowRect: true, strictFileInteractability: false, timeouts: {implicit: 0, pageLoad: 300000, script: 30000}, unhandledPromptBehavior: dismiss and notify, webauthn:extension:credBlob: true, webauthn:extension:largeBlob: true, webauthn:virtualAuthenticators: true}
Session ID: d0e401eb28c47e6479976eb4e1bd8c9d
*** Element info: {Using=xpath, value=//input[@class='btn btn-link']}
	at sun.reflect.NativeConstructorAccessorImpl.newInstance0(Native Method)
	at sun.reflect.NativeConstructorAccessorImpl.newInstance(Unknown Source)
	at sun.reflect.DelegatingConstructorAccessorImpl.newInstance(Unknown Source)
	at java.lang.reflect.Constructor.newInstance(Unknown Source)
	at org.openqa.selenium.remote.http.W3CHttpResponseCodec.createException(W3CHttpResponseCodec.java:187)
	at org.openqa.selenium.remote.http.W3CHttpResponseCodec.decode(W3CHttpResponseCodec.java:122)
	at org.openqa.selenium.remote.http.W3CHttpResponseCodec.decode(W3CHttpResponseCodec.java:49)
	at org.openqa.selenium.remote.HttpCommandExecutor.execute(HttpCommandExecutor.java:158)
	at org.openqa.selenium.remote.service.DriverCommandExecutor.execute(DriverCommandExecutor.java:83)
	at org.openqa.selenium.remote.RemoteWebDriver.execute(RemoteWebDriver.java:543)
	at org.openqa.selenium.remote.RemoteWebDriver.findElement(RemoteWebDriver.java:317)
	at org.openqa.selenium.remote.RemoteWebDriver.findElementByXPath(RemoteWebDriver.java:419)
	at org.openqa.selenium.By$ByXPath.findElement(By.java:353)
	at org.openqa.selenium.remote.RemoteWebDriver.findElement(RemoteWebDriver.java:309)
	at org.openqa.selenium.support.pagefactory.DefaultElementLocator.findElement(DefaultElementLocator.java:69)
	at org.openqa.selenium.support.pagefactory.internal.LocatingElementHandler.invoke(LocatingElementHandler.java:38)
	at com.sun.proxy.$Proxy12.isDisplayed(Unknown Source)
	at org.openqa.selenium.support.ui.ExpectedConditions.elementIfVisible(ExpectedConditions.java:315)
	at org.openqa.selenium.support.ui.ExpectedConditions.access$100(ExpectedConditions.java:44)
	at org.openqa.selenium.support.ui.ExpectedConditions$10.apply(ExpectedConditions.java:301)
	at org.openqa.selenium.support.ui.ExpectedConditions$10.apply(ExpectedConditions.java:298)
	at org.openqa.selenium.support.ui.ExpectedConditions$23.apply(ExpectedConditions.java:686)
	at org.openqa.selenium.support.ui.ExpectedConditions$23.apply(ExpectedConditions.java:682)
	at org.openqa.selenium.support.ui.FluentWait.until(FluentWait.java:248)
	... 26 more
]]>
    </error>
  </testcase> <!-- checkRuleTabInDocumentCustomization -->
  <testcase name="checkSavingOnClickingUpdateOption" time="4.248" classname="com.focus.testcases.SanityDocCustViewTest"/>
  <testcase name="checkCreatedVoucherEditScreenTabInDocumentCustoimization" time="45.885" classname="com.focus.testcases.SanityDocCustViewTest"/>
  <testcase name="checkSaveOptionInTriggerTab" time="6.065" classname="com.focus.testcases.SanityDocCustViewTest"/>
  <testcase name="checkFieldsinViewTabafterRefreshView" time="14.223" classname="com.focus.testcases.SanityDocCustViewTest"/>
  <testcase name="checkRolesInViewsTabUnderDocumentCustomization" time="9.079" classname="com.focus.testcases.SanityDocCustViewTest"/>
  <testcase name="checkLoadingValesinFieldsOnSelectingWareHouseInTypeDropDown" time="5.960" classname="com.focus.testcases.SanityDocCustViewTest"/>
  <testcase name="checkDeleteTriggerOptionInTriggers" time="13.136" classname="com.focus.testcases.SanityDocCustViewTest"/>
  <testcase name="checkViewTabHeaderOptionsINVeiwTabUnderDocumentCustomization" time="11.446" classname="com.focus.testcases.SanityDocCustViewTest"/>
  <testcase name="checkHeaderBodyandFooterFieldsinDocumentNUmberingTab" time="13.600" classname="com.focus.testcases.SanityDocCustViewTest"/>
  <testcase name="checkRuleTabOptions" time="44.945" classname="com.focus.testcases.SanityDocCustViewTest">
    <error type="org.openqa.selenium.TimeoutException" message="Expected condition failed: waiting for element to be clickable: [[ChromeDriver: chrome on WINDOWS (d0e401eb28c47e6479976eb4e1bd8c9d)] -&gt; xpath: //*[@id=&#039;Rule_Else_DocCustRules&#039;]/div/div[1]/ul/li[1]/a/span] (tried for 40 second(s) with 5000 milliseconds interval)
Build info: version: &#039;3.12.0&#039;, revision: &#039;7c6e0b3&#039;, time: &#039;2018-05-08T14:04:26.12Z&#039;
System info: host: &#039;FOCUS-QA-10&#039;, ip: &#039;192.168.4.206&#039;, os.name: &#039;Windows 10&#039;, os.arch: &#039;amd64&#039;, os.version: &#039;10.0&#039;, java.version: &#039;1.8.0_111&#039;
Driver info: driver.version: unknown">
      <![CDATA[org.openqa.selenium.TimeoutException: Expected condition failed: waiting for element to be clickable: [[ChromeDriver: chrome on WINDOWS (d0e401eb28c47e6479976eb4e1bd8c9d)] -> xpath: //*[@id='Rule_Else_DocCustRules']/div/div[1]/ul/li[1]/a/span] (tried for 40 second(s) with 5000 milliseconds interval)
Build info: version: '3.12.0', revision: '7c6e0b3', time: '2018-05-08T14:04:26.12Z'
System info: host: 'FOCUS-QA-10', ip: '192.168.4.206', os.name: 'Windows 10', os.arch: 'amd64', os.version: '10.0', java.version: '1.8.0_111'
Driver info: driver.version: unknown
	at org.openqa.selenium.support.ui.FluentWait.timeoutException(FluentWait.java:303)
	at org.openqa.selenium.support.ui.FluentWait.until(FluentWait.java:271)
	at com.focus.Pages.SanityDocCustViewPage.checkRuleTabOptions(SanityDocCustViewPage.java:9055)
	at com.focus.testcases.SanityDocCustViewTest.checkRuleTabOptions(SanityDocCustViewTest.java:150)
	at sun.reflect.NativeMethodAccessorImpl.invoke0(Native Method)
	at sun.reflect.NativeMethodAccessorImpl.invoke(Unknown Source)
	at sun.reflect.DelegatingMethodAccessorImpl.invoke(Unknown Source)
	at java.lang.reflect.Method.invoke(Unknown Source)
	at org.testng.internal.MethodInvocationHelper.invokeMethod(MethodInvocationHelper.java:86)
	at org.testng.internal.Invoker.invokeMethod(Invoker.java:643)
	at org.testng.internal.Invoker.invokeTestMethod(Invoker.java:820)
	at org.testng.internal.Invoker.invokeTestMethods(Invoker.java:1128)
	at org.testng.internal.TestMethodWorker.invokeTestMethods(TestMethodWorker.java:129)
	at org.testng.internal.TestMethodWorker.run(TestMethodWorker.java:112)
	at org.testng.TestRunner.privateRun(TestRunner.java:782)
	at org.testng.TestRunner.run(TestRunner.java:632)
	at org.testng.SuiteRunner.runTest(SuiteRunner.java:366)
	at org.testng.SuiteRunner.runSequentially(SuiteRunner.java:361)
	at org.testng.SuiteRunner.privateRun(SuiteRunner.java:319)
	at org.testng.SuiteRunner.run(SuiteRunner.java:268)
	at org.testng.SuiteRunnerWorker.runSuite(SuiteRunnerWorker.java:52)
	at org.testng.SuiteRunnerWorker.run(SuiteRunnerWorker.java:86)
	at org.testng.TestNG.runSuitesSequentially(TestNG.java:1244)
	at org.testng.TestNG.runSuitesLocally(TestNG.java:1169)
	at org.testng.TestNG.run(TestNG.java:1064)
	at org.testng.remote.AbstractRemoteTestNG.run(AbstractRemoteTestNG.java:114)
	at org.testng.remote.RemoteTestNG.initAndRun(RemoteTestNG.java:251)
	at org.testng.remote.RemoteTestNG.main(RemoteTestNG.java:77)
]]>
    </error>
  </testcase> <!-- checkRuleTabOptions -->
  <testcase name="checktheNarrationinHeaderTabEditLayoutinPVVATVIEW" time="14.680" classname="com.focus.testcases.SanityDocCustViewTest"/>
  <testcase name="checkInputingInputInTypeColumnInFifthRowAndCheckFooterValue" time="4.009" classname="com.focus.testcases.SanityDocCustViewTest"/>
  <testcase name="checkUserCreatedVoucherDisplayWithDocumentTabInDocumentCustomization" time="11.049" classname="com.focus.testcases.SanityDocCustViewTest"/>
  <testcase name="checkCreatedVoucherMiscellaneousTabInDocumentCustoimization" time="18.558" classname="com.focus.testcases.SanityDocCustViewTest"/>
  <testcase name="checkCreatedVoucherEditLayoutInDocumentCustomization" time="15.644" classname="com.focus.testcases.SanityDocCustViewTest"/>
  <testcase name="checkNavigateToDocumentNumberingTabInPurchaseVoucherVatView" time="15.466" classname="com.focus.testcases.SanityDocCustViewTest"/>
  <testcase name="checkLoginCompanyWithValidCredentials" time="13.169" classname="com.focus.testcases.SanityDocCustViewTest"/>
  <testcase name="checkLoginAfterDocumentCustOptions" time="12.820" classname="com.focus.testcases.SanityDocCustViewTest"/>
  <testcase name="checkLoginUsersinViewsTabUnderDocumentCustomization" time="9.087" classname="com.focus.testcases.SanityDocCustViewTest"/>
  <testcase name="checkFieldTypesinBodyGridViewTab" time="10.856" classname="com.focus.testcases.SanityDocCustViewTest"/>
  <testcase name="checkEditinginBodyFieldAndFooterFieldinInViewTab" time="25.117" classname="com.focus.testcases.SanityDocCustViewTest"/>
  <testcase name="checkCreateViewforNewlyAddedFields" time="16.931" classname="com.focus.testcases.SanityDocCustViewTest"/>
</testsuite> <!-- com.focus.testcases.SanityDocCustViewTest -->
